29-06-2022, 14:51:15: Scrape Bing.com_Example Job_Id:18 Query:joker started
29-06-2022, 14:51:16: Job_Scraper started
29-06-2022, 14:51:17: Job_Source started
29-06-2022, 14:51:18: Job_Reset_Scraper started
29-06-2022, 14:51:19: Job_Classifier started
29-06-2022, 14:52:15: Scrape Google.com_Example Job_Id:15 Query:batman started
29-06-2022, 14:52:32: Scrape Google.com_Example Job_Id:15 success
29-06-2022, 14:53:15: Scrape Bing.com_Example Job_Id:2 Query:covid started
29-06-2022, 14:53:45: Classify https://www.moviepilot.de/news/batman-ist-tot-neuer-dc-trailer-enthuellt-jokers-tochter-1136743
29-06-2022, 14:53:47: Scrape Bing.com_Example Job_Id:18 success
29-06-2022, 14:54:14: Stop the tool
29-06-2022, 14:55:06: Scrape Google.com_Example Job_Id:9 Query:merkel started
29-06-2022, 14:55:07: Job_Scraper started
29-06-2022, 14:55:08: Job_Source started
29-06-2022, 14:55:09: Job_Reset_Scraper started
29-06-2022, 14:55:10: Job_Classifier started
29-06-2022, 14:55:22: Scrape Google.com_Example Job_Id:9 success
29-06-2022, 14:55:28: Save Source https://www.filmstarts.de/kritiken/211012.html
29-06-2022, 14:55:36: Classify https://www.filmstarts.de/kritiken/211012.html
29-06-2022, 14:56:01: Save Source http://www.joker-nightlife.de/
29-06-2022, 14:56:06: Scrape Bing.com_Example Job_Id:12 Query:joe biden started
29-06-2022, 14:56:06: Classify http://www.joker-nightlife.de/
29-06-2022, 14:56:25: Save Source https://www.prosieben.de/film/filmreihen/batman-filme-richtige-reihenfolge
29-06-2022, 14:56:27: Scrape Bing.com_Example Job_Id:2 success
29-06-2022, 14:56:36: Classify http://www.joker-nightlife.de/
29-06-2022, 14:56:46: Save Source https://de.wikipedia.org/wiki/DC_Comics
29-06-2022, 14:57:06: Scrape Google.com_Example Job_Id:13 Query:putin started
29-06-2022, 14:57:06: Classify https://www.prosieben.de/film/filmreihen/batman-filme-richtige-reihenfolge
29-06-2022, 14:57:09: Save Source https://www.jokers.de/
29-06-2022, 14:57:10: Classify https://www.prosieben.de/film/filmreihen/batman-filme-richtige-reihenfolge
29-06-2022, 14:57:22: Scrape Google.com_Example Job_Id:13 success
29-06-2022, 14:57:28: Save Source https://www.who.int/health-topics/coronavirus#tab=tab_1
29-06-2022, 14:57:29: Classify https://de.wikipedia.org/wiki/DC_Comics
29-06-2022, 14:57:33: Save Source https://www.joker-jeans.de/
29-06-2022, 14:57:36: Classify https://www.joker-jeans.de/
29-06-2022, 14:57:53: Save Source https://www.stuttgarter-zeitung.de/thema/Angela_Merkel
29-06-2022, 14:57:54: Save Source https://de.m.wikipedia.org/wiki/Schurken_im_Batman-Universum
29-06-2022, 14:58:00: Classify https://de.wikipedia.org/wiki/DC_Comics
29-06-2022, 14:58:00: Classify https://www.who.int/health-topics/coronavirus#tab=tab_1
29-06-2022, 14:58:06: Scrape Google.com_Example Job_Id:7 Query:blauer elefant started
29-06-2022, 14:58:06: Classify https://www.who.int/health-topics/coronavirus#tab=tab_1
29-06-2022, 14:58:16: Save Source https://www.phnompenhpost.com/national/10-new-covid-cases-cambodia
29-06-2022, 14:58:17: Save Source https://www.jokers.de/buecher
29-06-2022, 14:58:22: Scrape Google.com_Example Job_Id:7 success
29-06-2022, 14:58:23: Classify https://www.jokers.de/
29-06-2022, 14:58:32: Classify https://www.jokers.de/
29-06-2022, 14:58:36: Classify https://de.m.wikipedia.org/wiki/Schurken_im_Batman-Universum
29-06-2022, 14:58:39: Save Source https://www.zeit.de/gesellschaft/zeitgeschehen/2022-06/usa-angela-merkel-barack-obama
29-06-2022, 14:58:41: Save Source https://www.rottentomatoes.com/m/joker_2019
29-06-2022, 14:58:55: Classify https://de.m.wikipedia.org/wiki/Schurken_im_Batman-Universum
29-06-2022, 14:58:59: Save Source https://www.hdg.de/lemo/biografie/angela-merkel.html
29-06-2022, 14:59:00: Classify https://www.stuttgarter-zeitung.de/thema/Angela_Merkel
29-06-2022, 14:59:04: Save Source https://www.pocket-lint.com/de-de/tv/news/warner/160293-der-batman-2022-streaming
29-06-2022, 14:59:06: Scrape Bing.com_Example Job_Id:10 Query:merkel started
29-06-2022, 14:59:06: Classify https://www.pocket-lint.com/de-de/tv/news/warner/160293-der-batman-2022-streaming
29-06-2022, 14:59:20: Classify https://www.stuttgarter-zeitung.de/thema/Angela_Merkel
29-06-2022, 14:59:22: Save Source https://www.instagram.com/bundeskanzlerin/?hl=de
29-06-2022, 14:59:24: Classify https://www.jokers.de/buecher
29-06-2022, 14:59:29: Save Source https://www.fr.de/politik/krebs-praesident-russland-ukraine-news-putin-krank-gesundheit-91551992.html
29-06-2022, 14:59:29: Save Source https://paninishop.de/batman-superhelden-comics/batman-anthologie-ddchc009
29-06-2022, 14:59:33: Classify https://www.stuttgarter-zeitung.de/thema/Angela_Merkel
29-06-2022, 14:59:33: Classify https://www.hdg.de/lemo/biografie/angela-merkel.html
29-06-2022, 14:59:40: Scrape Bing.com_Example Job_Id:12 success
29-06-2022, 14:59:46: Save Source https://www3.nhk.or.jp/nhkworld/en/news/20220628_26/
29-06-2022, 14:59:49: Classify https://www.jokers.de/
29-06-2022, 14:59:49: Classify https://www.phnompenhpost.com/national/10-new-covid-cases-cambodia
29-06-2022, 14:59:51: Save Source https://www.zdf.de/nachrichten/politik/putin-macron-telefonat-eishockey-ukraine-krieg-russland-100.html
29-06-2022, 14:59:52: Save Source https://www.cinema.de/film/the-batman,10210794.html
29-06-2022, 14:59:54: Classify https://www.phnompenhpost.com/national/10-new-covid-cases-cambodia
29-06-2022, 15:00:06: Scrape Google.com_Example Job_Id:11 Query:joe biden started
29-06-2022, 15:00:06: Classify https://www.phnompenhpost.com/national/10-new-covid-cases-cambodia
29-06-2022, 15:00:09: Save Source https://www.bundesregierung.de/breg-de/service/archiv/kanzlerin-merkel-infektionsschutzgesetz-1890036
29-06-2022, 15:00:13: Save Source https://www.welt.de/politik/ausland/article239628521/Ukraine-News-Putin-bekommt-mehr-Nato-sagt-Johnson.html
29-06-2022, 15:00:14: Save Source https://en.wikipedia.org/wiki/Joker_(character)
29-06-2022, 15:00:17: Classify https://www.rottentomatoes.com/m/joker_2019
29-06-2022, 15:00:22: Scrape Google.com_Example Job_Id:11 success
29-06-2022, 15:00:29: Classify https://www.zdf.de/nachrichten/politik/putin-macron-telefonat-eishockey-ukraine-krieg-russland-100.html
29-06-2022, 15:00:31: Save Source https://www.handelsblatt.com/meinung/kolumnen/europa-kolumne/eu-kolumne-ein-denkmal-stuerzt-die-merkel-verehrung-in-europa-ist-vorbei/28459394.html
29-06-2022, 15:00:36: Save Source https://de.wikipedia.org/wiki/Joker_(Comicfigur)
29-06-2022, 15:00:36: Save Source https://www.spiegel.de/thema/wladimir_putin/
29-06-2022, 15:00:36: Classify https://www.fr.de/politik/krebs-praesident-russland-ukraine-news-putin-krank-gesundheit-91551992.html
29-06-2022, 15:00:53: Save Source https://www.spiegel.de/politik/deutschland/angela-merkel-trifft-barack-obama-fuer-smithsonian-besuch-in-washington-a-2e4dbdce-78fa-4aa9-8334-1d4d612d1850
29-06-2022, 15:00:58: Save Source https://www.kino.de/film/joker-2019/
29-06-2022, 15:00:59: Save Source https://www.bz-berlin.de/thema/wladimir-putin
29-06-2022, 15:00:59: Classify https://en.wikipedia.org/wiki/Joker_(character)
29-06-2022, 15:01:01: Classify https://www.instagram.com/bundeskanzlerin/?hl=de
29-06-2022, 15:01:06: Scrape Bing.com_Example Job_Id:6 Query:katzen started
29-06-2022, 15:01:06: Classify https://www.welt.de/politik/ausland/article239628521/Ukraine-News-Putin-bekommt-mehr-Nato-sagt-Johnson.html
29-06-2022, 15:01:19: Save Source https://www.faz.net/aktuell/politik/thema/angela-merkel
29-06-2022, 15:01:21: Save Source https://batman.fandom.com/de/wiki/Batman
29-06-2022, 15:01:23: Save Source https://www.rnd.de/themen/wladimir-putin
29-06-2022, 15:01:24: Classify https://www.fr.de/politik/krebs-praesident-russland-ukraine-news-putin-krank-gesundheit-91551992.html
29-06-2022, 15:01:24: Classify https://paninishop.de/batman-superhelden-comics/batman-anthologie-ddchc009
29-06-2022, 15:01:28: Classify https://www.welt.de/politik/ausland/article239628521/Ukraine-News-Putin-bekommt-mehr-Nato-sagt-Johnson.html
29-06-2022, 15:01:30: Stop the tool
29-06-2022, 15:01:37: Classify https://www.bundesregierung.de/breg-de/service/archiv/kanzlerin-merkel-infektionsschutzgesetz-1890036
29-06-2022, 15:01:37: Scrape Bing.com_Example Job_Id:10 success
29-06-2022, 15:01:40: Save Source https://www.rki.de/DE/Content/InfAZ/N/Neuartiges_Coronavirus/Fallzahlen.html/
29-06-2022, 15:01:43: Save Source https://batman.fandom.com/de/wiki/Batman
29-06-2022, 15:01:46: Save Source https://kinderschutzbund-wiesloch.de/kindergarten-blauer-elefant
29-06-2022, 15:02:00: Classify https://www.spiegel.de/thema/wladimir_putin/
29-06-2022, 15:02:02: Save Source https://web.de/magazine/politik/thema/angela-merkel
29-06-2022, 15:02:05: Save Source https://www.gala.de/lifestyle/film-tv-musik/christian-bale--wann-wuerde-er-nochmal-batman-spielen--22881022.html
29-06-2022, 15:02:07: Classify https://paninishop.de/batman-superhelden-comics/batman-anthologie-ddchc009
29-06-2022, 15:02:07: Classify https://www.handelsblatt.com/meinung/kolumnen/europa-kolumne/eu-kolumne-ein-denkmal-stuerzt-die-merkel-verehrung-in-europa-ist-vorbei/28459394.html
29-06-2022, 15:02:08: Save Source https://de.wikipedia.org/wiki/Wladimir_Wladimirowitsch_Putin
29-06-2022, 15:02:25: Save Source https://www.tagesschau.de/thema/merkel/
29-06-2022, 15:02:27: Classify https://www.zeit.de/gesellschaft/zeitgeschehen/2022-06/usa-angela-merkel-barack-obama
29-06-2022, 15:02:28: Save Source https://tv.apple.com/de/show/batman/umc.cmc.67ls0a0gxac0un7gzcxbcqccl
29-06-2022, 15:02:31: Classify https://www.instagram.com/bundeskanzlerin/?hl=de
29-06-2022, 15:02:32: Save Source https://dksb-stormarn.de/kinderhaus-blauer-elefant-ahrensburg
29-06-2022, 15:02:49: Save Source https://www.tichyseinblick.de/meinungen/corona-covid-omicron-mrna-und-impfzwang/
29-06-2022, 15:02:54: Save Source https://www.n-tv.de/mediathek/videos/politik/Neue-NATO-Rolle-sollte-Putin-zu-denken-geben-article23429764.html
29-06-2022, 15:02:57: Save Source https://paninishop.de/batman-superhelden-comics/batman-the-world-dosdc080
29-06-2022, 15:03:16: Save Source https://www.dksb-leipzig.de/kitas/einrichtungen/integrative-kita-im-kinderhaus-blauer-elefant/kontaktdaten
29-06-2022, 15:03:17: Save Source https://www.zdf.de/nachrichten/thema/angela-merkel-616.html
29-06-2022, 15:03:18: Save Source https://de.wikipedia.org/wiki/Joker_(Comicfigur)
29-06-2022, 15:03:38: Save Source https://de.wikipedia.org/wiki/Pr%C3%A4sident_Russlands
29-06-2022, 15:03:40: Save Source https://www.tichyseinblick.de/meinungen/corona-covid-omicron-mrna-und-impfzwang/
29-06-2022, 15:03:40: Save Source https://www.youtube.com/watch?v=zAGVQLHvwOY
29-06-2022, 15:04:01: Save Source https://www.rki.de/DE/Content/InfAZ/N/Neuartiges_Coronavirus/Situationsberichte/Jun_2022/2022-06-28-de.html
29-06-2022, 15:04:01: Save Source https://kinderschutzbund-schwelm.de/?page_id=22
29-06-2022, 15:04:03: Save Source https://batman.fandom.com/de/wiki/Rachel_Dawes
29-06-2022, 15:04:25: Save Source https://www.dksb-essen.de/kitas-und-kifaz/kifaz-blauer-elefant-stadtmitte
29-06-2022, 15:04:25: Save Source https://en.wikipedia.org/wiki/Joker_(character)
29-06-2022, 15:04:38: Scrape Bing.com_Example Job_Id:6 success
29-06-2022, 15:04:47: Save Source https://www.bbc.co.uk/news/coronavirus
29-06-2022, 15:04:47: Save Source https://www.tagesspiegel.de/themen/wladimir-putin/
29-06-2022, 15:04:48: Save Source https://www.moviepilot.de/movies/the-batman
29-06-2022, 15:05:09: Save Source https://www.bundesgesundheitsministerium.de/coronavirus.html
29-06-2022, 15:05:10: Save Source https://www.kinderschutzbund-landau.de/
29-06-2022, 15:05:10: Save Source https://en.wikipedia.org/wiki/Joker_(2019_film)
29-06-2022, 15:05:30: Save Source https://www.angela-merkel.de/
29-06-2022, 15:05:32: Save Source https://www.sueddeutsche.de/thema/Wladimir_Putin
29-06-2022, 15:05:33: Save Source https://www.buffed.de/Kino-Thema-130800/News/Christian-Bale-Christopher-Nolan-Batman-Dark-Knight-1398092/
29-06-2022, 15:05:54: Save Source https://www.idealo.de/preisvergleich/OffersOfProduct/4903567_-der-blaue-elefant-01155-warmies.html
29-06-2022, 15:05:55: Save Source https://kinocheck.de/film/ekn/the-batman-2022
29-06-2022, 15:05:56: Save Source https://news.google.com/covid19/map?hl=de&gl=DE&ceid=DE:de
29-06-2022, 15:06:09: Stop the tool
29-06-2022, 15:07:40: Stop the tool
29-06-2022, 15:09:29: Scrape Bing.com_Example Job_Id:4 Query:hamburg started
29-06-2022, 15:09:29: Classify https://www.jokers.de/
29-06-2022, 15:09:29: Job_Scraper started
29-06-2022, 15:09:30: Job_Source started
29-06-2022, 15:09:31: Job_Reset_Scraper started
29-06-2022, 15:09:32: Job_Classifier started
29-06-2022, 15:09:51: Classify https://www.rki.de/DE/Content/InfAZ/N/Neuartiges_Coronavirus/Situationsberichte/Jun_2022/2022-06-28-de.html
29-06-2022, 15:09:51: Save Source https://www.tagesschau.de/thema/joe_biden/
29-06-2022, 15:09:59: Classify https://www.rki.de/DE/Content/InfAZ/N/Neuartiges_Coronavirus/Situationsberichte/Jun_2022/2022-06-28-de.html
29-06-2022, 15:10:13: Classify https://www.buffed.de/Kino-Thema-130800/News/Christian-Bale-Christopher-Nolan-Batman-Dark-Knight-1398092/
29-06-2022, 15:10:13: Save Source https://www.sueddeutsche.de/politik/russland-putin-tadschikstan-1.5611199
29-06-2022, 15:10:20: Classify https://news.google.com/covid19/map?hl=de&gl=DE&ceid=DE:de
29-06-2022, 15:10:28: Scrape Google.com_Example Job_Id:17 Query:joker started
29-06-2022, 15:10:29: Classify https://www.fr.de/politik/krebs-praesident-russland-ukraine-news-putin-krank-gesundheit-91551992.html
29-06-2022, 15:10:36: Classify https://www.angela-merkel.de/
29-06-2022, 15:10:36: Save Source https://www.kinderschutzbund-lage.de/einrichtungen/21-spiel-u-lernstube.html
29-06-2022, 15:10:45: Scrape Google.com_Example Job_Id:17 success
29-06-2022, 15:10:51: Classify https://www.tagesschau.de/thema/merkel/
29-06-2022, 15:10:56: Classify https://www3.nhk.or.jp/nhkworld/en/news/20220628_26/
29-06-2022, 15:10:58: Save Source https://de.wikipedia.org/wiki/Hauskatze
29-06-2022, 15:11:20: Save Source https://batman.fandom.com/de/wiki/Joker
29-06-2022, 15:11:20: Classify https://batman.fandom.com/de/wiki/Batman
29-06-2022, 15:11:28: Scrape Google.com_Example Job_Id:1 Query:covid started
29-06-2022, 15:11:29: Classify https://paninishop.de/batman-superhelden-comics/batman-anthologie-ddchc009
29-06-2022, 15:11:42: Save Source https://www.dksb.de/de/unsere-arbeit/bundeseigene-projekte-angebote/kinderhaeuser-blauer-elefantr/
29-06-2022, 15:11:44: Classify https://www.welt.de/politik/ausland/article239628521/Ukraine-News-Putin-bekommt-mehr-Nato-sagt-Johnson.html
29-06-2022, 15:11:45: Scrape Google.com_Example Job_Id:1 success
29-06-2022, 15:11:47: Classify https://de.m.wikipedia.org/wiki/Schurken_im_Batman-Universum
29-06-2022, 15:11:51: Save Source https://www.welt.de/themen/joe-biden/
29-06-2022, 15:11:58: Classify https://www.bundesregierung.de/breg-de/service/archiv/kanzlerin-merkel-infektionsschutzgesetz-1890036
29-06-2022, 15:11:59: Scrape Bing.com_Example Job_Id:4 success
29-06-2022, 15:12:05: Save Source https://www.zdf.de/nachrichten/politik/usa-tankrabatt-biden-ukraine-krieg-russland-100.html
29-06-2022, 15:12:12: Classify https://paninishop.de/batman-superhelden-comics/batman-the-world-dosdc080
29-06-2022, 15:12:13: Save Source http://www.blauer-elefant.de/content/konzept.aspx
29-06-2022, 15:12:14: Classify https://www.zeit.de/gesellschaft/zeitgeschehen/2022-06/usa-angela-merkel-barack-obama
29-06-2022, 15:12:27: Classify https://www.sueddeutsche.de/politik/russland-putin-tadschikstan-1.5611199
29-06-2022, 15:12:28: Scrape Bing.com_Example Job_Id:16 Query:batman started
29-06-2022, 15:12:31: Save Source https://www.stern.de/politik/deutschland/themen/angela-merkel-4540550.html
29-06-2022, 15:12:35: Save Source https://www.tagesschau.de/newsticker/liveblog-ukraine-mittwoch-135.html
29-06-2022, 15:12:40: Classify https://www.kino.de/film/joker-2019/
29-06-2022, 15:12:55: Save Source https://nypost.com/2022/06/27/joe-biden-inadvertently-helped-hunter-pay-russia-linked-escorts-report/
29-06-2022, 15:12:56: Classify https://www.youtube.com/watch?v=zAGVQLHvwOY
29-06-2022, 15:12:58: Save Source https://www.rollingstone.de/reviews/kritik-joker-joaquin-phoenix/
29-06-2022, 15:12:59: Classify https://dksb-stormarn.de/kinderhaus-blauer-elefant-ahrensburg
29-06-2022, 15:13:17: Save Source https://www.handelsblatt.com/themen/wladimir-putin
29-06-2022, 15:13:20: Save Source https://www.purina.de/artikel/katzen/gesundheit/haut-fellpflege/katze-schuppen
29-06-2022, 15:13:23: Classify https://www.rki.de/DE/Content/InfAZ/N/Neuartiges_Coronavirus/Fallzahlen.html/
29-06-2022, 15:13:28: Scrape Google.com_Example Job_Id:3 Query:hamburg started
29-06-2022, 15:13:29: Classify https://www.tagesschau.de/newsticker/liveblog-ukraine-mittwoch-135.html
29-06-2022, 15:13:40: Save Source https://frankfurt.de/english/corona-information
29-06-2022, 15:13:43: Save Source https://www.foxnews.com/category/person/joe-biden
29-06-2022, 15:13:44: Classify https://www.hdg.de/lemo/biografie/angela-merkel.html
29-06-2022, 15:13:45: Scrape Google.com_Example Job_Id:3 Query:hamburg success
29-06-2022, 15:13:52: Save Source https://www.faz.net/aktuell/politik/angela-merkel-besucht-mit-barack-obama-museum-in-washington-18136719.html
29-06-2022, 15:13:54: Classify https://www.sueddeutsche.de/thema/Wladimir_Putin
29-06-2022, 15:13:55: Classify https://www.phnompenhpost.com/national/10-new-covid-cases-cambodia
29-06-2022, 15:14:05: Save Source https://www.handelsblatt.com/meinung/kolumnen/europa-kolumne/eu-kolumne-ein-denkmal-stuerzt-die-merkel-verehrung-in-europa-hat-ein-ende/28459394.html
29-06-2022, 15:14:06: Classify https://www.prosieben.de/film/filmreihen/batman-filme-richtige-reihenfolge
29-06-2022, 15:14:09: Save Source https://www.moviejones.de/news/news-christian-bale-will-als-batman-zurueckkehren-unter-einer-bedingung_45051.html
29-06-2022, 15:14:15: Save Source https://ec.europa.eu/info/live-work-travel-eu/coronavirus-response/safe-covid-19-vaccines-europeans/eu-digital-covid-certificate_de
29-06-2022, 15:14:22: Classify https://www.bbc.co.uk/news/coronavirus
29-06-2022, 15:14:27: Save Source https://www.amazon.de/Joker-dt-OV-Joaquin-Phoenix/dp/B083ZJGRSZ
29-06-2022, 15:14:29: Scrape Google.com_Example Job_Id:19 Query:keine lust started
29-06-2022, 15:14:29: Classify https://de.wikipedia.org/wiki/Joker_(Comicfigur)
29-06-2022, 15:14:32: Classify https://www.kinderschutzbund-lage.de/einrichtungen/21-spiel-u-lernstube.html
29-06-2022, 15:14:32: Save Source https://www.welt.de/themen/angela-merkel/
29-06-2022, 15:14:39: Save Source https://www.merkel-die-jagd.de/en/
29-06-2022, 15:14:44: Scrape Google.com_Example Job_Id:19 Query:keine lust success
29-06-2022, 15:14:50: Save Source https://www.ebay.de/b/Sendung-mit-der-Maus-Elefant-in-Stofftiere-aus-Film-Fernsehen/20006/bn_7005055348
29-06-2022, 15:14:51: Classify https://www.zdf.de/nachrichten/politik/putin-macron-telefonat-eishockey-ukraine-krieg-russland-100.html
29-06-2022, 15:14:57: Save Source http://www.tierschutz-luebeck.de/katzen/
29-06-2022, 15:14:59: Classify https://www.faz.net/aktuell/politik/angela-merkel-besucht-mit-barack-obama-museum-in-washington-18136719.html
29-06-2022, 15:15:01: Save Source https://www.rki.de/DE/Content/InfAZ/N/Neuartiges_Coronavirus/nCoV.html
29-06-2022, 15:15:11: Scrape Bing.com_Example Job_Id:16 success
29-06-2022, 15:15:13: Classify https://www.rottentomatoes.com/m/joker_2019
29-06-2022, 15:15:15: Save Source https://www.blauer-elefant-kiel.de/
29-06-2022, 15:15:20: Save Source https://www.merkur.de/politik/angela-merkel-per30389/
29-06-2022, 15:15:23: Save Source https://de.wikipedia.org/wiki/Hamburg
29-06-2022, 15:15:23: Classify https://www.tagesschau.de/thema/joe_biden/
29-06-2022, 15:15:28: Scrape Bing.com_Example Job_Id:20 Query:keine lust started
29-06-2022, 15:15:30: Classify https://www.gala.de/lifestyle/film-tv-musik/christian-bale--wann-wuerde-er-nochmal-batman-spielen--22881022.html
29-06-2022, 15:15:42: Save Source https://en.wikipedia.org/wiki/COVID-19
29-06-2022, 15:15:43: Save Source https://www.kino-zeit.de/film-kritiken-trailer-streaming/joker-2019
29-06-2022, 15:15:43: Classify https://www.zdf.de/nachrichten/thema/angela-merkel-616.html
29-06-2022, 15:15:45: Save Source https://www.welt.de/regionales/hamburg/plus239544753/Von-Inflation-bis-Integration-Wenn-das-Freibad-politisch-wird.html
29-06-2022, 15:15:53: Classify https://de.wikipedia.org/wiki/DC_Comics
29-06-2022, 15:15:53: Classify https://www.rollingstone.de/reviews/kritik-joker-joaquin-phoenix/
29-06-2022, 15:16:05: Save Source https://www.n-tv.de/politik/Scholz-verteidigt-Merkels-Aussoehnungspolitik-mit-Russland-aber-kritisiert-ihre-Energiepolitik-article23408476.html
29-06-2022, 15:16:06: Save Source https://frankfurt.de/service-und-rathaus/verwaltung/aemter-und-institutionen/gesundheitsamt/information-about-coronavirus-sars-cov-2/curent-status-update
29-06-2022, 15:16:07: Save Source https://www.hamburg.de/sehenswuerdigkeiten/
29-06-2022, 15:16:16: Classify http://www.joker-nightlife.de/
29-06-2022, 15:16:18: Classify https://www.dksb-essen.de/kitas-und-kifaz/kifaz-blauer-elefant-stadtmitte
29-06-2022, 15:16:28: Scrape Bing.com_Example Job_Id:14 Query:putin started
29-06-2022, 15:16:29: Classify https://en.wikipedia.org/wiki/Joker_(character)
29-06-2022, 15:16:29: Save Source https://www.ebay-kleinanzeigen.de/s-katzen/hannover/c136l3155
29-06-2022, 15:16:31: Save Source https://www.zdf.de/nachrichten/thema/joe-biden-222.html
29-06-2022, 15:16:31: Save Source https://twitter.com/joebiden
29-06-2022, 15:16:42: Classify https://de.wikipedia.org/wiki/Pr%C3%A4sident_Russlands
29-06-2022, 15:16:52: Save Source https://batman.fandom.com/de/wiki/Joker
29-06-2022, 15:16:53: Save Source https://de.wikipedia.org/wiki/Joker_(Comicfigur)
29-06-2022, 15:16:54: Save Source https://www.news.de/gesundheit/855916021/corona-zahlen-frankfurt-am-main-heute-aktuell-29-06-2022-rki-7-tage-inzidenz-coronaregeln-neuinfektionen-tote-hospitalisierungsrate/1/
29-06-2022, 15:16:58: Classify https://de.wikipedia.org/wiki/Joker_(Comicfigur)
29-06-2022, 15:16:59: Classify https://www.amazon.de/Joker-dt-OV-Joaquin-Phoenix/dp/B083ZJGRSZ
29-06-2022, 15:17:16: Save Source https://web.de/magazine/politik/thema/joe-biden
29-06-2022, 15:17:16: Save Source https://www.tierschutzbund.de/information/hintergrund/heimtiere/katzen/
29-06-2022, 15:17:17: Save Source https://www.fressnapf.de/magazin/katze/
29-06-2022, 15:17:20: Classify https://www.who.int/health-topics/coronavirus#tab=tab_1
29-06-2022, 15:17:28: Classify https://www.spiegel.de/politik/deutschland/angela-merkel-trifft-barack-obama-fuer-smithsonian-besuch-in-washington-a-2e4dbdce-78fa-4aa9-8334-1d4d612d1850
29-06-2022, 15:17:28: Scrape Bing.com_Example Job_Id:8 Query:blauer elefant started
29-06-2022, 15:17:29: Classify https://frankfurt.de/service-und-rathaus/verwaltung/aemter-und-institutionen/gesundheitsamt/information-about-coronavirus-sars-cov-2/curent-status-update
29-06-2022, 15:17:38: Save Source https://www.whitehouse.gov/administration/president-biden/
29-06-2022, 15:17:39: Save Source https://www.hamburg-tourism.de/sehen-erleben/sehenswuerdigkeiten/
29-06-2022, 15:17:39: Save Source https://www.merkur.de/politik/joe-biden-us-praesident-bizarre-szene-geist-haende-schuetteln-video-91483333.html
29-06-2022, 15:17:44: Classify https://ec.europa.eu/info/live-work-travel-eu/coronavirus-response/safe-covid-19-vaccines-europeans/eu-digital-covid-certificate_de
29-06-2022, 15:17:56: Classify https://www.zdf.de/nachrichten/thema/joe-biden-222.html
29-06-2022, 15:18:02: Save Source https://www.zusammengegencorona.de/
29-06-2022, 15:18:02: Save Source https://www.fr.de/thema/joe-biden-per36006/
29-06-2022, 15:18:10: Classify https://www.handelsblatt.com/themen/wladimir-putin
29-06-2022, 15:18:25: Save Source https://www.kino.de/film/joker-2019/
29-06-2022, 15:18:26: Save Source https://www.n-tv.de/politik/politik_person_der_woche/Joe-Biden-ist-besser-als-sein-Ruf-article23426949.html
29-06-2022, 15:18:31: Save Source https://www.bundesregierung.de/breg-de/themen/coronavirus
29-06-2022, 15:18:45: Classify https://ec.europa.eu/info/live-work-travel-eu/coronavirus-response/safe-covid-19-vaccines-europeans/eu-digital-covid-certificate_de
29-06-2022, 15:18:45: Classify https://en.wikipedia.org/wiki/COVID-19
29-06-2022, 15:18:48: Save Source https://www.spiegel.de/thema/joe_biden/
29-06-2022, 15:18:49: Save Source https://www.film.at/filmkritiken/joker-joaquin-phoenix-brilliert-als-killerclown/400640363
29-06-2022, 15:18:55: Save Source https://tierheim-aachen.de/tiervermittlung/katzen/
29-06-2022, 15:18:59: Classify https://web.de/magazine/politik/thema/angela-merkel
29-06-2022, 15:19:06: Classify http://www.tierschutz-luebeck.de/katzen/
29-06-2022, 15:19:11: Save Source https://www.t-online.de/nachrichten/deutschland/gesellschaft/id_92343148/barack-obama-trifft-ex-kanzlerin-angela-merkel-in-washington.html
29-06-2022, 15:19:16: Scrape Bing.com_Example Job_Id:20 Query:keine lust success
29-06-2022, 15:19:21: Save Source https://www.zeit.de/politik/ausland/2022-06/usa-antony-blinken-aussenminister-ukraine-krieg
29-06-2022, 15:19:24: Classify https://www.instagram.com/bundeskanzlerin/?hl=de
29-06-2022, 15:19:25: Save Source https://www.worldometers.info/coronavirus/
29-06-2022, 15:19:26: Classify https://www.joker-jeans.de/
29-06-2022, 15:19:29: Scrape Google.com_Example Job_Id:5 Query:katzen started
29-06-2022, 15:19:31: Classify https://www.news.de/gesundheit/855916021/corona-zahlen-frankfurt-am-main-heute-aktuell-29-06-2022-rki-7-tage-inzidenz-coronaregeln-neuinfektionen-tote-hospitalisierungsrate/1/
29-06-2022, 15:19:34: Save Source https://www.bundesgesundheitsministerium.de/coronavirus/faq-covid-19-impfung.html
29-06-2022, 15:19:35: Scrape Bing.com_Example Job_Id:14 Query:putin success
29-06-2022, 15:19:46: Scrape Google.com_Example Job_Id:5 Query:katzen success
29-06-2022, 15:19:49: Classify https://www.tichyseinblick.de/meinungen/corona-covid-omicron-mrna-und-impfzwang/
29-06-2022, 15:19:49: Save Source https://www.n-tv.de/der_tag/Angela-Merkel-will-im-Herbst-Jury-Vorsitzende-werden-article23430731.html
29-06-2022, 15:19:49: Save Source https://nypost.com/2022/06/27/voicemail-shows-joe-biden-knew-of-hunters-china-dealings-report/
29-06-2022, 15:19:55: Save Source https://www.dksb.de/de/unsere-arbeit/bundeseigene-projekte-angebote/kinderhaeuser-blauer-elefantr/
29-06-2022, 15:19:57: Classify https://www.tierschutzbund.de/information/hintergrund/heimtiere/katzen/
29-06-2022, 15:19:59: Classify https://www.whitehouse.gov/administration/president-biden/
29-06-2022, 15:20:11: Save Source https://de.wikipedia.org/wiki/Joker_(Film)
29-06-2022, 15:20:13: Save Source https://www.tiere.de/Katzen
29-06-2022, 15:20:17: Save Source https://en.wikipedia.org/wiki/Angela_Merkel
29-06-2022, 15:20:19: Classify https://tv.apple.com/de/show/batman/umc.cmc.67ls0a0gxac0un7gzcxbcqccl
29-06-2022, 15:20:25: Scrape Bing.com_Example Job_Id:8 Query:blauer elefant success
29-06-2022, 15:20:28: Classify https://www.bundesgesundheitsministerium.de/coronavirus/faq-covid-19-impfung.html
29-06-2022, 15:20:29: Classify https://tierheim-aachen.de/tiervermittlung/katzen/
29-06-2022, 15:20:33: Save Source https://www.fr.de/politik/joe-biden-hunter-biden-usa-ermittlungen-donald-trump-laptop-crack-drogen-ukraine-putin-91448993.html
29-06-2022, 15:20:36: Save Source https://web.de/magazine/politik/thema/wladimir-putin
29-06-2022, 15:20:39: Save Source https://www.ndr.de/nachrichten/hamburg/coronavirus/Long-Covid-Wenig-Angebot-fuer-Betroffene-in-Hamburg,longcovid170.html
29-06-2022, 15:20:44: Classify https://www.rnd.de/themen/wladimir-putin
29-06-2022, 15:20:54: Classify https://www.n-tv.de/politik/Scholz-verteidigt-Merkels-Aussoehnungspolitik-mit-Russland-aber-kritisiert-ihre-Energiepolitik-article23408476.html
29-06-2022, 15:20:55: Classify https://www.bundesgesundheitsministerium.de/coronavirus.html
29-06-2022, 15:20:56: Save Source https://presse.wdr.de/plounge/tv/das_erste/2015/01/20150121_40_jahre_blauer_elefant.html
29-06-2022, 15:20:58: Save Source https://batman.fandom.com/de/wiki/Robin_(Damian_Wayne)
29-06-2022, 15:21:01: Save Source https://de.wikipedia.org/wiki/Wladimir_Wladimirowitsch_Putin
29-06-2022, 15:21:19: Save Source https://www.dailymail.co.uk/news/article-10960541/Joe-Biden-meet-Erdogan-NATO-summit-Madrid-says-White-House.html
29-06-2022, 15:21:19: Classify https://www.welt.de/themen/angela-merkel/
29-06-2022, 15:21:20: Classify https://www.zusammengegencorona.de/
29-06-2022, 15:21:22: Save Source https://www.zdf.de/nachrichten/politik/usa-tankrabatt-biden-ukraine-krieg-russland-100.html
29-06-2022, 15:21:23: Save Source https://www.bundesgesundheitsministerium.de/coronavirus.html
29-06-2022, 15:21:29: Classify https://batman.fandom.com/de/wiki/Joker
29-06-2022, 15:21:43: Save Source https://www.joker-jeans.de/
29-06-2022, 15:21:45: Save Source https://www.deutsche-rentenversicherung.de/DRV/DE/Home/Post-Covid-Themenseite/Post_Covid_node.html
29-06-2022, 15:21:45: Classify https://www.welt.de/regionales/hamburg/plus239544753/Von-Inflation-bis-Integration-Wenn-das-Freibad-politisch-wird.html
29-06-2022, 15:21:45: Save Source https://dksb-stormarn.de/kinderhaus-bargteheide
29-06-2022, 15:21:45: Classify https://www.merkel-die-jagd.de/en/
29-06-2022, 15:21:54: Classify https://www.merkur.de/politik/joe-biden-us-praesident-bizarre-szene-geist-haende-schuetteln-video-91483333.html
29-06-2022, 15:22:07: Save Source https://web.de/magazine/consent-management/
29-06-2022, 15:22:07: Save Source https://www.zdf.de/serien/wir/joker-dramaserie-100.html
29-06-2022, 15:22:11: Classify https://de.wikipedia.org/wiki/Hamburg
29-06-2022, 15:22:14: Save Source https://www.moviepilot.de/movies/joker-2019
29-06-2022, 15:22:17: Classify https://www.zdf.de/nachrichten/politik/usa-tankrabatt-biden-ukraine-krieg-russland-100.html
29-06-2022, 15:22:29: Classify https://www.kino.de/film/joker-2019/
29-06-2022, 15:22:29: Save Source https://www.katzen.de/
29-06-2022, 15:22:30: Save Source https://www1.wdr.de/nachrichten/erhoeht-corona-das-risiko-fuer-alzheimer-und-parkinson-100.html
29-06-2022, 15:22:37: Save Source https://www.br.de/nachrichten/deutschland-welt/preis-fuer-menschlichkeit-merkel-will-jury-vorsitz-uebernehmen,TA8y6y1
29-06-2022, 15:22:47: Classify https://www.n-tv.de/mediathek/videos/politik/Neue-NATO-Rolle-sollte-Putin-zu-denken-geben-article23429764.html
29-06-2022, 15:22:52: Save Source https://de.wikipedia.org/wiki/Aurus_Senat
29-06-2022, 15:22:52: Classify https://www.fressnapf.de/magazin/katze/
29-06-2022, 15:22:53: Save Source https://www.spiegel.de/ausland/g7-gipfel-elmau-joe-biden-beendet-aufgrund-des-wetters-teilnahme-fruehzeitig-a-26478a3f-01fa-4ead-8c52-9ea083058a53
29-06-2022, 15:22:59: Classify https://www.ebay.de/b/Sendung-mit-der-Maus-Elefant-in-Stofftiere-aus-Film-Fernsehen/20006/bn_7005055348
29-06-2022, 15:23:00: Save Source https://www.filmstarts.de/kritiken/258374.html
29-06-2022, 15:23:14: Classify https://www.pocket-lint.com/de-de/tv/news/warner/160293-der-batman-2022-streaming
29-06-2022, 15:23:16: Save Source https://kinderschutzbund-duesseldorf.de/blauer-elefant-auf-raedern/
29-06-2022, 15:23:16: Save Source https://www.gala.de/stars/starportraets/joe-biden-22558018.html
29-06-2022, 15:23:22: Save Source https://de.wikipedia.org/wiki/The_Batman_(Film)
29-06-2022, 15:23:26: Classify https://www.rki.de/DE/Content/InfAZ/N/Neuartiges_Coronavirus/nCoV.html
29-06-2022, 15:23:29: Classify https://twitter.com/joebiden
29-06-2022, 15:23:39: Save Source https://www.gala.de/stars/news/joe-biden--das-sind-seine-kinder-und-enkelkinder-22384468.html
29-06-2022, 15:23:39: Save Source https://www.tieranzeigen.de/katzen/
29-06-2022, 15:23:44: Save Source https://herz-fuer-tiere.de/haustiere/katzen/verhalten-von-katzen/donts-im-katzenhaushalt
29-06-2022, 15:23:48: Classify https://www.jokers.de/buecher
29-06-2022, 15:23:55: Classify https://www.moviepilot.de/movies/joker-2019
29-06-2022, 15:23:59: Classify https://en.wikipedia.org/wiki/Joker_(2019_film)
29-06-2022, 15:24:02: Save Source https://www.stern.de/politik/ausland/themen/wladimir-putin-4539916.html
29-06-2022, 15:24:04: Save Source https://www.amazon.de/DVD1-Joker-1-DVD/dp/B07YGPVHKF
29-06-2022, 15:24:06: Save Source https://www.tierchenwelt.de/raubtiere/100-katze.html
29-06-2022, 15:24:13: Classify https://www.ndr.de/nachrichten/hamburg/coronavirus/Long-Covid-Wenig-Angebot-fuer-Betroffene-in-Hamburg,longcovid170.html
29-06-2022, 15:24:25: Save Source https://www.cineplex.de/film/the-batman/371837/nordhessen/
29-06-2022, 15:24:26: Save Source https://tierheim-beckstetten.de/katzen/
29-06-2022, 15:24:26: Classify https://batman.fandom.com/de/wiki/Rachel_Dawes
29-06-2022, 15:24:27: Classify https://www.purina.de/artikel/katzen/gesundheit/haut-fellpflege/katze-schuppen
29-06-2022, 15:24:32: Save Source https://www.blaueelefant.de/
29-06-2022, 15:24:36: Classify https://de.wikipedia.org/wiki/Joker_(Comicfigur)
29-06-2022, 15:24:48: Save Source https://www.mdr.de/wissen/corona-sinusvenenthrombose-autoantikoerper-vektorimpfstoffe-100.html
29-06-2022, 15:24:48: Save Source https://www.bundesverfassungsgericht.de/SharedDocs/Pressemitteilungen/DE/2022/bvg22-053.html
29-06-2022, 15:24:49: Classify https://www.film.at/filmkritiken/joker-joaquin-phoenix-brilliert-als-killerclown/400640363
29-06-2022, 15:24:57: Save Source https://paninishop.de/joker-superhelden-comics/batman-joker-ddcpr060v
29-06-2022, 15:24:59: Classify https://www.cineplex.de/film/the-batman/371837/nordhessen/
29-06-2022, 15:25:11: Save Source https://www.bundesregierung.de/breg-de/themen/coronavirus
29-06-2022, 15:25:12: Classify https://www.hamburg-tourism.de/sehen-erleben/sehenswuerdigkeiten/
29-06-2022, 15:25:15: Save Source https://www.stern.de/politik/ausland/themen/joe-biden-4540404.html
29-06-2022, 15:25:20: Save Source https://www.msn.com/en-us/news/world/joe-bidens-approval-rating-plummets-internationally-poll/ar-AAYWP82
29-06-2022, 15:25:29: Classify https://nypost.com/2022/06/27/voicemail-shows-joe-biden-knew-of-hunters-china-dealings-report/
29-06-2022, 15:25:33: Save Source https://de.m.wikipedia.org/wiki/Catwoman
29-06-2022, 15:25:37: Save Source https://de.wikipedia.org/wiki/Angela_Merkel
29-06-2022, 15:25:39: Classify https://www.welt.de/themen/joe-biden/
29-06-2022, 15:25:42: Save Source https://www.stern.de/kultur/film/-joker--premiere-in-den-usa--viele-kinogaenger-entsetzt-ueber-brutalitaet-8942322.html
29-06-2022, 15:25:43: Classify https://de.wikipedia.org/wiki/Wladimir_Wladimirowitsch_Putin
29-06-2022, 15:25:56: Save Source https://www.handelsblatt.com/themen/joe-biden
29-06-2022, 15:25:59: Save Source https://fi.wikipedia.org/wiki/Joe_Biden
29-06-2022, 15:26:05: Classify https://www.amazon.de/DVD1-Joker-1-DVD/dp/B07YGPVHKF
29-06-2022, 15:26:07: Save Source https://dominicantoday.com/dr/covid-19/2022/06/28/covid-cases-top-800/
29-06-2022, 15:26:13: Classify https://dksb-stormarn.de/kinderhaus-bargteheide
29-06-2022, 15:26:19: Save Source https://www.nordenham.de/de/leben/kinder-und-jugend/dksb/kinderhaus-blauer-elefant
29-06-2022, 15:26:23: Save Source https://herz-fuer-tiere.de/haustiere/katzen/verhalten-von-katzen/donts-im-katzenhaushalt
29-06-2022, 15:26:29: Classify https://www.cinema.de/film/the-batman,10210794.html
29-06-2022, 15:26:29: Save Source https://joker.com/
29-06-2022, 15:26:37: Classify https://www.bundesregierung.de/breg-de/themen/coronavirus
29-06-2022, 15:26:41: Save Source https://www.traunstein.com/aktuelles/meldungen/47-stationaer-behandelte-covid-patienten-den-kliniken-suedostbayern-1
29-06-2022, 15:26:46: Save Source https://www.welt.de/themen/joe-biden/
29-06-2022, 15:26:51: Classify https://www.hamburg.de/sehenswuerdigkeiten/
29-06-2022, 15:26:51: Save Source https://www.spiegel.de/ausland/g7-gipfel-elmau-joe-biden-beendet-aufgrund-des-wetters-teilnahme-fruehzeitig-a-26478a3f-01fa-4ead-8c52-9ea083058a53
29-06-2022, 15:27:03: Save Source https://experience.arcgis.com/experience/478220a4c454480e823b17327b2bf1d4
29-06-2022, 15:27:07: Classify https://de.wikipedia.org/wiki/Hauskatze
29-06-2022, 15:27:09: Classify https://www.gala.de/stars/starportraets/joe-biden-22558018.html
29-06-2022, 15:27:11: Save Source https://www.zeit.de/thema/joe-biden
29-06-2022, 15:27:14: Save Source https://www.focus.de/finanzen/gastbeitrag-von-lars-kirchhoff-und-anne-holper-warum-die-telefonischen-stippvisiten-und-kurzgespraeche-mit-putin-aufhoeren-sollten_id_108006847.html
29-06-2022, 15:27:20: Classify https://en.wikipedia.org/wiki/Angela_Merkel
29-06-2022, 15:27:25: Save Source https://de.wikipedia.org/wiki/Joe_Biden
29-06-2022, 15:27:35: Classify https://www.fr.de/politik/joe-biden-hunter-biden-usa-ermittlungen-donald-trump-laptop-crack-drogen-ukraine-putin-91448993.html
29-06-2022, 15:27:35: Save Source https://www.planet-wissen.de/natur/haustiere/katzen/pwiediesprachederkatzen100.html
29-06-2022, 15:27:36: Save Source https://www.msn.com/en-us/news/world/joe-bidens-approval-rating-plummets-internationally-poll/ar-AAYWP82
29-06-2022, 15:27:47: Save Source https://www.tagesschau.de/inland/innenpolitik/merkel-ukraine-krieg-101.html
29-06-2022, 15:27:57: Classify https://www.n-tv.de/der_tag/Angela-Merkel-will-im-Herbst-Jury-Vorsitzende-werden-article23430731.html
29-06-2022, 15:27:57: Save Source https://www.kindernetz.de/wissen/tierlexikon/steckbrief-katze-100.html
29-06-2022, 15:27:59: Classify https://www.spiegel.de/thema/joe_biden/
29-06-2022, 15:27:59: Save Source https://www.amazon.de/blauer-elefant-sendung-maus/s?k=blauer+elefant+sendung+mit+der+maus
29-06-2022, 15:28:00: Classify https://www.spiegel.de/ausland/g7-gipfel-elmau-joe-biden-beendet-aufgrund-des-wetters-teilnahme-fruehzeitig-a-26478a3f-01fa-4ead-8c52-9ea083058a53
29-06-2022, 15:28:10: Save Source http://katzenhilfe-frankfurt.de/
29-06-2022, 15:28:20: Save Source https://www.fr.de/politik/joe-biden-usa-praesident-umfragen-inflation-ukraine-krieg-wirtschaft-zwischenwahlen-midterms-91476077.html
29-06-2022, 15:28:21: Save Source https://de.wikipedia.org/wiki/Joker_(Comicfigur)
29-06-2022, 15:28:22: Classify https://www.tieranzeigen.de/katzen/
29-06-2022, 15:28:23: Classify https://www.moviejones.de/news/news-christian-bale-will-als-batman-zurueckkehren-unter-einer-bedingung_45051.html
29-06-2022, 15:28:42: Save Source https://de.wikipedia.org/wiki/Donald_Trump
29-06-2022, 15:28:43: Save Source https://www.berliner-zeitung.de/news/ex-kanzlerin-angela-merkel-zu-besuch-in-washington-museumsbesuch-mit-obama-li.241429
29-06-2022, 15:28:49: Classify https://www.zdf.de/nachrichten/politik/usa-tankrabatt-biden-ukraine-krieg-russland-100.html
29-06-2022, 15:28:59: Classify https://www.stern.de/kultur/film/-joker--premiere-in-den-usa--viele-kinogaenger-entsetzt-ueber-brutalitaet-8942322.html
29-06-2022, 15:29:05: Save Source https://www.deine-tierwelt.de/katzen/
29-06-2022, 15:29:07: Save Source https://www.spiegel.de/panorama/hamburg-13-jaehriger-stirbt-nach-sprung-in-die-elbe-a-da7efbf8-13b8-40a4-afdc-be83a8b0ff46
29-06-2022, 15:29:07: Save Source https://www.kas.de/de/web/geschichte-der-cdu/personen/biogramm-detail/-/content/angela-merkel-1
29-06-2022, 15:29:21: Classify https://de.wikipedia.org/wiki/The_Batman_(Film)
29-06-2022, 15:29:25: Save Source https://de.wikipedia.org/wiki/Batman
29-06-2022, 15:29:26: Classify https://www.handelsblatt.com/meinung/kolumnen/europa-kolumne/eu-kolumne-ein-denkmal-stuerzt-die-merkel-verehrung-in-europa-ist-vorbei/28459394.html
29-06-2022, 15:29:29: Classify https://www.worldometers.info/coronavirus/
29-06-2022, 15:29:29: Save Source https://www.rki.de/DE/Content/InfAZ/N/Neuartiges_Coronavirus/Fallzahlen.html
29-06-2022, 15:29:30: Save Source https://www.stern.de/lifestyle/leute/barack-obama--angela-merkel-ist-fuer-ihn-wie--eine-freundin--32494746.html
29-06-2022, 15:29:45: Classify https://www.handelsblatt.com/meinung/kolumnen/europa-kolumne/eu-kolumne-ein-denkmal-stuerzt-die-merkel-verehrung-in-europa-ist-vorbei/28459394.html
29-06-2022, 15:29:50: Classify https://www.blauer-elefant-kiel.de/
29-06-2022, 15:29:51: Save Source https://batman.fandom.com/de/wiki/Joker
29-06-2022, 15:29:53: Save Source https://www.primal-state.de/keine-lust-auf-arbeit/
29-06-2022, 15:29:53: Save Source https://www.faz.net/aktuell/politik/thema/wladimir-putin
29-06-2022, 15:30:12: Save Source https://de.wikipedia.org/wiki/Batman
29-06-2022, 15:30:14: Classify https://www.faz.net/aktuell/politik/thema/angela-merkel
29-06-2022, 15:30:16: Save Source https://www.duden.de/suchen/dudenonline/keine%20lust
29-06-2022, 15:30:16: Save Source https://www.faz.net/aktuell/politik/angela-merkel-besucht-mit-barack-obama-museum-in-washington-18136719.html
29-06-2022, 15:30:29: Classify https://de.wikipedia.org/wiki/Joker_(Comicfigur)
29-06-2022, 15:30:30: Classify http://www.blauer-elefant.de/content/konzept.aspx
29-06-2022, 15:30:35: Save Source https://www.cch.de/
29-06-2022, 15:30:38: Save Source https://www.linguee.com/german-english/translation/ich+habe+keine+lust.html
29-06-2022, 15:30:40: Classify https://de.wikipedia.org/wiki/Aurus_Senat
29-06-2022, 15:30:41: Save Source https://www.focus.de/politik/ausland/treffen-im-weissen-haus-nehmen-sie-ihren-platz-biden-dreht-versehentlich-spickzettel-in-die-kameras_id_107988959.html
29-06-2022, 15:30:51: Classify https://www.bundesregierung.de/breg-de/themen/coronavirus
29-06-2022, 15:30:51: Classify https://de.wikipedia.org/wiki/Batman
29-06-2022, 15:30:57: Save Source https://taz.de/Pandemiebekaempfung-der-KP/!5861097/
29-06-2022, 15:31:00: Save Source https://www.zdf.de/nachrichten/politik/putin-g20-gespraeche-russland-ukraine-krieg-g7-gipfel-100.html
29-06-2022, 15:31:06: Save Source https://www.amazon.de/Batman-4K-UHD-Blu-ray/dp/B09TN818Y8
29-06-2022, 15:31:15: Classify https://www.tagesspiegel.de/themen/wladimir-putin/
29-06-2022, 15:31:20: Classify https://de.wikipedia.org/wiki/Batman
29-06-2022, 15:31:20: Classify https://www.dailymail.co.uk/news/article-10960541/Joe-Biden-meet-Erdogan-NATO-summit-Madrid-says-White-House.html
29-06-2022, 15:31:22: Save Source https://edition.cnn.com/2022/06/22/politics/gas-tax-suspension-biden/index.html
29-06-2022, 15:31:24: Save Source https://www.hsv.de/uebersicht
29-06-2022, 15:31:29: Classify https://www.t-online.de/nachrichten/deutschland/gesellschaft/id_92343148/barack-obama-trifft-ex-kanzlerin-angela-merkel-in-washington.html
29-06-2022, 15:31:41: Classify https://tierheim-beckstetten.de/katzen/
29-06-2022, 15:31:45: Save Source https://www.ndr.de/fernsehen/sendungen/hamburg_journal/Hamburg-die-Beachvolleyball-Hauptstadt,hamj123682.html
29-06-2022, 15:31:47: Save Source https://www.hamburg-airport.de/de
29-06-2022, 15:31:53: Save Source http://www.hafen-hamburg.de/de/startseite/
29-06-2022, 15:31:59: Classify https://www.moviepilot.de/movies/the-batman
29-06-2022, 15:32:07: Classify https://kinderschutzbund-wiesloch.de/kindergarten-blauer-elefant
29-06-2022, 15:32:08: Save Source https://www.daserste.de/information/ratgeber-service/hirschhausens-check-up/videos/Hirschhausen-und-Long-Covid-die-Pandemie-der-Unbehandelten-100.html
29-06-2022, 15:32:09: Save Source https://www.dksb.de/de/unsere-arbeit/bundeseigene-projekte-angebote/kinderhaeuser-blauer-elefantr/
29-06-2022, 15:32:16: Save Source https://www.swr3.de/aktuell/beziehungsshow/sex-unlust-partnerschaft-102.html
29-06-2022, 15:32:18: Classify https://de.wikipedia.org/wiki/Joe_Biden
29-06-2022, 15:32:30: Classify https://www.hsv.de/uebersicht
29-06-2022, 15:32:30: Save Source https://www.auswaertiges-amt.de/de/ReiseUndSicherheit/tuerkeisicherheit/201962
29-06-2022, 15:32:31: Save Source https://kennzeichen.express/kennzeichen/hh
29-06-2022, 15:32:40: Save Source https://www.huffpost.com/entry/christian-bale-says-he-would-play-batman-again_n_62ba233ee4b06b5fea99509b
29-06-2022, 15:32:45: Classify https://en.wikipedia.org/wiki/Joker_(character)
29-06-2022, 15:32:53: Save Source https://www.niedersachsen.de/Coronavirus
29-06-2022, 15:32:55: Classify https://www.joker-jeans.de/
29-06-2022, 15:32:59: Classify https://www1.wdr.de/nachrichten/erhoeht-corona-das-risiko-fuer-alzheimer-und-parkinson-100.html
29-06-2022, 15:33:06: Save Source https://www.gofeminin.de/mein-leben/antriebslosigkeit-s1119957.html
29-06-2022, 15:33:14: Classify https://www.fr.de/politik/joe-biden-usa-praesident-umfragen-inflation-ukraine-krieg-wirtschaft-zwischenwahlen-midterms-91476077.html
29-06-2022, 15:33:22: Save Source https://de.pons.com/%C3%BCbersetzung/deutsch-spanisch/Ich+Habe+keine+Lust
29-06-2022, 15:33:23: Classify https://www.ndr.de/fernsehen/sendungen/hamburg_journal/Hamburg-die-Beachvolleyball-Hauptstadt,hamj123682.html
29-06-2022, 15:33:23: Classify https://www.msn.com/en-us/news/world/joe-bidens-approval-rating-plummets-internationally-poll/ar-AAYWP82
29-06-2022, 15:33:33: Save Source https://www.imdb.com/title/tt1877830/
29-06-2022, 15:33:37: Classify https://www.katzen.de/
29-06-2022, 15:33:45: Save Source https://www.giga.de/news/android-smartwatches-nur-samsung-hat-keine-lust-auf-das-iphone/
29-06-2022, 15:33:47: Classify https://www.zdf.de/nachrichten/politik/putin-g20-gespraeche-russland-ukraine-krieg-g7-gipfel-100.html
29-06-2022, 15:33:51: Save Source https://en.wikipedia.org/wiki/Keine_Lust
29-06-2022, 15:33:52: Classify https://www.stern.de/politik/ausland/themen/joe-biden-4540404.html
29-06-2022, 15:33:55: Save Source https://www.infektionsschutz.de/coronavirus/fragen-und-antworten/verdacht-auf-infektion-und-krankheitsverlauf/
29-06-2022, 15:34:06: Save Source https://www.planetarium-hamburg.de/
29-06-2022, 15:34:13: Save Source https://www.zdf.de/nachrichten/zdfheute-live/fachkraefte-mangel-kuendigungswelle-video-100.html
29-06-2022, 15:34:18: Save Source https://blauer-elefant-itzehoe.de/
29-06-2022, 15:34:29: Save Source https://context.reverso.net/translation/german-english/Ich+habe+keine+Lust
29-06-2022, 15:34:29: Classify https://www.faz.net/aktuell/politik/angela-merkel-besucht-mit-barack-obama-museum-in-washington-18136719.html
29-06-2022, 15:34:35: Save Source https://www.sozialministerium.at/Informationen-zum-Coronavirus/Coronavirus---Aktuelle-Ma%C3%9Fnahmen.html
29-06-2022, 15:34:41: Save Source https://www.hcu-hamburg.de/
29-06-2022, 15:34:50: Save Source https://de.wikipedia.org/wiki/Katzen
29-06-2022, 15:34:54: Classify https://www.linguee.com/german-english/translation/ich+habe+keine+lust.html
29-06-2022, 15:34:57: Save Source http://www.blue-elephant-herdecke.de/
29-06-2022, 15:34:59: Classify https://www.amazon.de/Batman-4K-UHD-Blu-ray/dp/B09TN818Y8
29-06-2022, 15:35:01: Classify https://www.handelsblatt.com/meinung/kolumnen/europa-kolumne/eu-kolumne-ein-denkmal-stuerzt-die-merkel-verehrung-in-europa-hat-ein-ende/28459394.html
29-06-2022, 15:35:03: Save Source https://www.business-wissen.de/artikel/keine-lust-auf-arbeit-5-tipps-fuer-mehr-motivation-im-job/
29-06-2022, 15:35:12: Save Source https://www.business-on.de/hamburg/hamburg-einkommen-gehaelter-geld-finanzen-menschen-_id25582.html
29-06-2022, 15:35:17: Classify https://www.kas.de/de/web/geschichte-der-cdu/personen/biogramm-detail/-/content/angela-merkel-1
29-06-2022, 15:35:19: Save Source https://kinderschutzbund-zittau.de/ueber-uns/blauer-elefant/
29-06-2022, 15:35:25: Save Source https://rammstein.fandom.com/wiki/Keine_Lust
29-06-2022, 15:35:26: Classify https://www.merkur.de/politik/angela-merkel-per30389/
29-06-2022, 15:35:35: Save Source https://praxistipps.focus.de/warum-habe-ich-keine-lust-auf-sex-ursachen-und-tipps-zur-steigerung-der-libido_133220
29-06-2022, 15:35:42: Save Source https://www.merkur.de/politik/ukraine-krieg-news-aktuell-wladimir-putin-putsch-versuch-bericht-kreml-insider-kadyrow-fsb-geheimdienst-91623055.html
29-06-2022, 15:35:46: Classify https://www.mdr.de/wissen/corona-sinusvenenthrombose-autoantikoerper-vektorimpfstoffe-100.html
29-06-2022, 15:35:48: Save Source https://www.hamburger-kunsthalle.de/
29-06-2022, 15:35:51: Classify https://www.zdf.de/nachrichten/politik/putin-g20-gespraeche-russland-ukraine-krieg-g7-gipfel-100.html
29-06-2022, 15:35:51: Classify https://de.wikipedia.org/wiki/Joker_(Film)
29-06-2022, 15:35:58: Save Source https://dict.leo.org/englisch-deutsch/keine%20lust
29-06-2022, 15:35:59: Classify https://www.filmstarts.de/kritiken/211012.html
29-06-2022, 15:36:04: Save Source https://de.wikipedia.org/wiki/Batman_(Film)
29-06-2022, 15:36:07: Classify https://www.spiegel.de/thema/wladimir_putin/
29-06-2022, 15:36:09: Save Source https://kinderschutzbund-mainz.de/?q=einrichtungen-kinderhaus
29-06-2022, 15:36:21: Save Source https://www.mdr.de/wissen/podcast/challenge/keine-lust-auf-sex-was-tun-102.html
29-06-2022, 15:36:29: Save Source https://www.foxnews.com/entertainment/christian-bale-batman-christopher-nolan
29-06-2022, 15:36:29: Classify https://www.business-on.de/hamburg/hamburg-einkommen-gehaelter-geld-finanzen-menschen-_id25582.html
29-06-2022, 15:36:33: Save Source https://screenrant.com/the-batman-2-wayne-murders-missing-bruce-better/
29-06-2022, 15:36:35: Classify https://frankfurt.de/english/corona-information
29-06-2022, 15:36:40: Classify https://www.duden.de/suchen/dudenonline/keine%20lust
29-06-2022, 15:36:47: Save Source https://genius.com/Rammstein-keine-lust-lyrics
29-06-2022, 15:36:51: Save Source https://www.ndr.de/nachrichten/hamburg/Armutsrisiko-liegt-in-Hamburg-ueber-dem-Bundesdurchschnitt,armut340.html
29-06-2022, 15:36:53: Classify https://presse.wdr.de/plounge/tv/das_erste/2015/01/20150121_40_jahre_blauer_elefant.html
29-06-2022, 15:36:56: Save Source https://blauerelefant-sbwash.de/
29-06-2022, 15:36:58: Classify https://www.amazon.de/blauer-elefant-sendung-maus/s?k=blauer+elefant+sendung+mit+der+maus
29-06-2022, 15:37:02: Classify https://www.focus.de/finanzen/gastbeitrag-von-lars-kirchhoff-und-anne-holper-warum-die-telefonischen-stippvisiten-und-kurzgespraeche-mit-putin-aufhoeren-sollten_id_108006847.html
29-06-2022, 15:37:10: Save Source https://www.batmannews.de/
29-06-2022, 15:37:13: Save Source https://www.med.vetmed.uni-muenchen.de/einrichtungen/dermatologie/krankheiten/katzenallergie/index.html
29-06-2022, 15:37:18: Classify https://www.kinderschutzbund-landau.de/
29-06-2022, 15:37:18: Save Source https://www.dksb-essen.de/kitas-und-kifaz/kifaz-blauer-elefant-stadtmitte
29-06-2022, 15:37:29: Classify https://herz-fuer-tiere.de/haustiere/katzen/verhalten-von-katzen/donts-im-katzenhaushalt
29-06-2022, 15:37:30: Classify https://en.wikipedia.org/wiki/Keine_Lust
29-06-2022, 15:37:32: Save Source https://www.wwf.de/themen-projekte/artenlexikon/katzen
29-06-2022, 15:37:35: Save Source https://praxistipps.focus.de/warum-habe-ich-keine-lust-auf-sex-ursachen-und-tipps-zur-steigerung-der-libido_133220
29-06-2022, 15:37:39: Classify https://www.zdf.de/serien/wir/joker-dramaserie-100.html
29-06-2022, 15:37:41: Save Source https://www.tag24.de/thema/tiere/katzen
29-06-2022, 15:37:51: Classify https://www.med.vetmed.uni-muenchen.de/einrichtungen/dermatologie/krankheiten/katzenallergie/index.html
29-06-2022, 15:37:52: Classify https://www.gofeminin.de/mein-leben/antriebslosigkeit-s1119957.html
29-06-2022, 15:37:55: Save Source https://www.primolo.de/content/die-katze
29-06-2022, 15:37:58: Save Source https://www.spiegel.de/wirtschaft/flughafen-hamburg-ver-di-ruft-mitarbeiter-in-hamburg-zum-streik-auf-a-ac851333-e2a6-4735-ba71-b35956ec02a4
29-06-2022, 15:38:04: Save Source https://www.purina.de/artikel/katzen/gesundheit/traechtigkeit/traechtigkeit-katze
29-06-2022, 15:38:12: Classify https://www.dksb.de/de/unsere-arbeit/bundeseigene-projekte-angebote/kinderhaeuser-blauer-elefantr/
29-06-2022, 15:38:16: Classify https://www.rki.de/DE/Content/InfAZ/N/Neuartiges_Coronavirus/Fallzahlen.html
29-06-2022, 15:38:17: Save Source https://www.nordbayern.de/ratgeber/karriere/keine-lust-auf-arbeit-ursachen-depressionen-erkennen-die-besten-tipps-1.12049352
29-06-2022, 15:38:20: Save Source https://www.epd-film.de/filme/joker
29-06-2022, 15:38:26: Save Source https://www.allianz.de/gesundheit/katzenversicherung/wie-alt-werden-katzen/
29-06-2022, 15:38:33: Classify https://www.stern.de/lifestyle/leute/barack-obama--angela-merkel-ist-fuer-ihn-wie--eine-freundin--32494746.html
29-06-2022, 15:38:39: Save Source https://www.news.de/politik/856309863/wladimir-putin-verluste-und-rueckschlaege-aktuell-im-ukraine-krieg-putin-oberst-in-die-luft-gesprengt-kreml-verliert-31-000-soldaten/1/
29-06-2022, 15:38:43: Save Source https://www.kry.de/magazin/sexuelle-unlust-gruende-fuer-libidoverlust/
29-06-2022, 15:38:48: Save Source https://www.hamburg.de/hamburgs-maritimes-erbe/hamburgs-haefen/
29-06-2022, 15:38:59: Classify https://www.zdf.de/nachrichten/zdfheute-live/fachkraefte-mangel-kuendigungswelle-video-100.html
29-06-2022, 15:38:59: Classify https://www.rki.de/DE/Content/InfAZ/N/Neuartiges_Coronavirus/Fallzahlen.html
29-06-2022, 15:39:01: Save Source https://www.thalia.de/shop/home/artikeldetails/A1047810640
29-06-2022, 15:39:05: Save Source https://www.tierschutzbund.de/information/hintergrund/heimtiere/katzen/
29-06-2022, 15:39:11: Save Source https://prod.berliner-zeitung.de/politik-gesellschaft/geschichtsstunde-mit-wladimir-putin-als-wuerde-halb-europa-russland-gehoeren-li.235158
29-06-2022, 15:39:23: Save Source https://www.sueddeutsche.de/thema/Katzen
29-06-2022, 15:39:27: Save Source https://www.deine-tierwelt.de/magazin/erklaert-wenn-deine-katze-das-tut-liebt-sie-dich-wirklich/
29-06-2022, 15:39:29: Classify https://blauer-elefant-itzehoe.de/
29-06-2022, 15:39:32: Classify https://web.de/magazine/politik/thema/joe-biden
29-06-2022, 15:39:34: Save Source https://www.staatsoper-hamburg.de/
29-06-2022, 15:39:45: Save Source https://consent.yahoo.com/v2/collectConsent?sessionId=3_cc-session_09a534fd-d78f-41bd-9b7a-d29d8a9a6f9b
29-06-2022, 15:39:49: Save Source https://www.zentrum-der-gesundheit.de/bibliothek/partnerschaft-familie/sexualitaet/keine-lust-auf-sex-was-tun
29-06-2022, 15:39:51: Classify https://batman.fandom.com/de/wiki/Joker
29-06-2022, 15:39:56: Classify https://www.primal-state.de/keine-lust-auf-arbeit/
29-06-2022, 15:39:56: Save Source https://www.oz-online.de/artikel/1258401/Absperrschranken-landen-in-Aurich-immer-wieder-im-Graben
29-06-2022, 15:39:59: Classify https://www.planet-wissen.de/natur/haustiere/katzen/pwiediesprachederkatzen100.html
29-06-2022, 15:40:06: Save Source https://de.wikipedia.org/wiki/Keine_Lust
29-06-2022, 15:40:12: Save Source https://consent.yahoo.com/v2/collectConsent?sessionId=3_cc-session_f618741c-7a27-4656-bbbe-ad5bb0b29f27
29-06-2022, 15:40:16: Classify https://www.hamburger-kunsthalle.de/
29-06-2022, 15:40:20: Save Source https://www.amazon.de/Keine-Lust-Ltd-Edt-Rammstein/dp/B00077CYI2
29-06-2022, 15:40:21: Classify https://www.msn.com/en-us/news/world/joe-bidens-approval-rating-plummets-internationally-poll/ar-AAYWP82
29-06-2022, 15:40:23: Classify https://www.batmannews.de/
29-06-2022, 15:40:29: Save Source https://www.focus.de/politik/ausland/ukraine-krise/gastbeitrag-von-gerhard-mangott-warum-putin-sein-land-verraten-hat-und-was-den-mensch-in-russland-nun-bevorsteht_id_107953809.html
29-06-2022, 15:40:34: Save Source https://www.giga.de/news/android-smartwatches-nur-samsung-hat-keine-lust-auf-das-iphone/
29-06-2022, 15:40:38: Classify https://www.tagesschau.de/inland/innenpolitik/merkel-ukraine-krieg-101.html
29-06-2022, 15:40:42: Save Source https://www.derwesten.de/politik/putin-atomkoffer-kreml-russland-atomwaffen-nuklearwaffen-ukraine-id235697089.html
29-06-2022, 15:40:47: Classify https://www.gala.de/stars/news/joe-biden--das-sind-seine-kinder-und-enkelkinder-22384468.html
29-06-2022, 15:40:50: Classify https://praxistipps.focus.de/warum-habe-ich-keine-lust-auf-sex-ursachen-und-tipps-zur-steigerung-der-libido_133220
29-06-2022, 15:40:51: Save Source https://de.wikipedia.org/wiki/The-Dark-Knight-Trilogie
29-06-2022, 15:40:56: Save Source https://klexikon.zum.de/wiki/Katzen
29-06-2022, 15:41:02: Classify https://de.wikipedia.org/wiki/Batman_(Film)
29-06-2022, 15:41:04: Save Source https://www.hamburg-port-authority.de/de/
29-06-2022, 15:41:14: Save Source https://www.uni-hamburg.de/
29-06-2022, 15:41:14: Classify https://kinderschutzbund-duesseldorf.de/blauer-elefant-auf-raedern/
29-06-2022, 15:41:20: Save Source https://www.spiegel.de/kultur/blockbuster-the-joker-wird-fortgesetzt-mit-joaquin-phoenix-a-70641aaf-75f8-40c2-9ae3-467495186e23
29-06-2022, 15:41:27: Save Source https://consent.yahoo.com/v2/collectConsent?sessionId=3_cc-session_1f6308d5-9bdd-4c8b-aba3-d90b833d9a9b
29-06-2022, 15:41:29: Classify https://paninishop.de/joker-superhelden-comics/batman-joker-ddcpr060v
29-06-2022, 15:41:38: Save Source https://www.aerzteblatt.de/nachrichten/135511/COVID-19-Schutzgesetz-soll-Infektionsschutz-und-Datenlage-verbessern
29-06-2022, 15:41:38: Classify https://www.batmannews.de/
29-06-2022, 15:41:42: Save Source https://www.geo.de/89-thma-katzen
29-06-2022, 15:41:48: Save Source http://www.blauer-elefant.de/CONTENT/KONZEPT.ASPX
29-06-2022, 15:41:59: Classify https://prod.berliner-zeitung.de/politik-gesellschaft/geschichtsstunde-mit-wladimir-putin-als-wuerde-halb-europa-russland-gehoeren-li.235158
29-06-2022, 15:42:00: Save Source https://www.wdrmaus.de/elefantenseite/
29-06-2022, 15:42:03: Classify https://www.niedersachsen.de/Coronavirus
29-06-2022, 15:42:06: Save Source https://www.dksb-nms.de/kita-blauer-elefant/
29-06-2022, 15:42:11: Save Source https://www.planet-wissen.de/natur/haustiere/katzen/index.html
29-06-2022, 15:42:21: Save Source https://en.wikipedia.org/wiki/Keine_Lust
29-06-2022, 15:42:22: Classify https://www.kry.de/magazin/sexuelle-unlust-gruende-fuer-libidoverlust/
29-06-2022, 15:42:27: Classify https://www.uni-hamburg.de/
29-06-2022, 15:42:27: Save Source https://de.wikipedia.org/wiki/Keine_Lust
29-06-2022, 15:42:29: Classify https://www.kino-zeit.de/film-kritiken-trailer-streaming/joker-2019
29-06-2022, 15:42:33: Save Source https://www.swr3.de/aktuell/magazin/keine-lust-auf-sex-maenner-100.html
29-06-2022, 15:42:45: Save Source https://www.spiegel.de/ausland/ukraine-emmanuel-macron-veroeffentlicht-protokoll-von-telefonat-mit-wladimir-putin-a-18a95362-bc68-4655-9ffe-5b5f96881436
29-06-2022, 15:42:47: Classify https://www.primolo.de/content/die-katze
29-06-2022, 15:42:50: Save Source https://www.nabu.de/tiere-und-pflanzen/voegel/gefaehrdungen/katzen/index.html
29-06-2022, 15:42:54: Classify https://www.tag24.de/thema/tiere/katzen
29-06-2022, 15:42:54: Classify https://www.hcu-hamburg.de/
29-06-2022, 15:42:56: Save Source https://www.elbphilharmonie.de/de/
29-06-2022, 15:43:09: Classify https://context.reverso.net/translation/german-english/Ich+habe+keine+Lust
29-06-2022, 15:43:12: Save Source https://www.familienzentrum.nrw.de/landesprogramm/pilotphase/best-practice-einrichtungen/blauer-elefant-zollverein/
29-06-2022, 15:43:12: Save Source https://www.imdb.com/title/tt1877830/mediaviewer/rm4091483137
29-06-2022, 15:43:17: Classify https://www.sozialministerium.at/Informationen-zum-Coronavirus/Coronavirus---Aktuelle-Ma%C3%9Fnahmen.html
29-06-2022, 15:43:17: Classify https://edition.cnn.com/2022/06/22/politics/gas-tax-suspension-biden/index.html
29-06-2022, 15:43:18: Save Source https://de.wikipedia.org/wiki/Hauskatze
29-06-2022, 15:43:35: Save Source https://www.hamburg-travel.com/
29-06-2022, 15:43:35: Save Source https://www.derwesten.de/politik/putin-atomkoffer-kreml-russland-atomwaffen-nuklearwaffen-ukraine-id235697089.html
29-06-2022, 15:43:40: Save Source http://www.kinderschutzbund-halle.de/
29-06-2022, 15:43:42: Classify https://www.amazon.de/Keine-Lust-Ltd-Edt-Rammstein/dp/B00077CYI2
29-06-2022, 15:43:57: Save Source https://www.hamburg-tourism.de/
29-06-2022, 15:43:57: Save Source https://www.youtube.com/watch?v=AJmEaYsLYB8
29-06-2022, 15:43:58: Classify https://www.stuttgarter-zeitung.de/thema/Angela_Merkel
29-06-2022, 15:43:59: Classify https://www.huffpost.com/entry/christian-bale-says-he-would-play-batman-again_n_62ba233ee4b06b5fea99509b
29-06-2022, 15:44:06: Save Source https://www.moviepilot.de/movies/the-batman
29-06-2022, 15:44:20: Save Source https://www.moviepilot.de/movies/the-batman
29-06-2022, 15:44:21: Save Source https://shmh.de/
29-06-2022, 15:44:24: Classify https://klexikon.zum.de/wiki/Katzen
29-06-2022, 15:44:27: Classify https://www.spiegel.de/wirtschaft/flughafen-hamburg-ver-di-ruft-mitarbeiter-in-hamburg-zum-streik-auf-a-ac851333-e2a6-4735-ba71-b35956ec02a4
29-06-2022, 15:44:28: Save Source https://en.wikipedia.org/wiki/Hamburg
29-06-2022, 15:44:29: Classify https://www.imdb.com/title/tt1877830/
29-06-2022, 15:44:42: Save Source https://www.swr3.de/aktuell/beziehungsshow/sex-unlust-partnerschaft-102.html
29-06-2022, 15:44:44: Save Source https://www.nationalgeographic.de/Katzen
29-06-2022, 15:44:50: Save Source https://www.hamburg.de/restaurants/4846468/dinge-die-man-in-hamburg-gegessen-haben-muss/
29-06-2022, 15:44:55: Classify https://www.giga.de/news/android-smartwatches-nur-samsung-hat-keine-lust-auf-das-iphone/
29-06-2022, 15:44:59: Classify https://www.tiere.de/Katzen
29-06-2022, 15:45:05: Save Source https://www.haw-hamburg.de/
29-06-2022, 15:45:06: Save Source http://www.blauer-elefant.de/CONTENT/SPENDEN.ASPX
29-06-2022, 15:45:12: Classify https://www.wwf.de/themen-projekte/artenlexikon/katzen
29-06-2022, 15:45:13: Save Source https://www.fressnapf.de/magazin/katze/
29-06-2022, 15:45:22: Classify https://www.foxnews.com/entertainment/christian-bale-batman-christopher-nolan
29-06-2022, 15:45:24: Classify https://www.thalia.de/shop/home/artikeldetails/A1047810640
29-06-2022, 15:45:29: Save Source https://www.tripadvisor.com/Attractions-g187331-Activities-Hamburg.html
29-06-2022, 15:45:29: Save Source https://affenknecht.com/de/texte/keine-lust/
29-06-2022, 15:45:35: Classify https://praxistipps.focus.de/warum-habe-ich-keine-lust-auf-sex-ursachen-und-tipps-zur-steigerung-der-libido_133220
29-06-2022, 15:45:35: Save Source https://www.derwesten.de/politik/wladimir-putin-lawrow-ukraine-russland-china-krieg-id235584201.html
29-06-2022, 15:45:45: Classify https://www.welt.de/themen/joe-biden/
29-06-2022, 15:45:47: Classify https://www.stern.de/politik/ausland/themen/wladimir-putin-4539916.html
29-06-2022, 15:45:51: Save Source https://www.ksta.de/html/dumont-consent/index.html?param=eyJyZWRpcmVjdFVybCI6Ii9wYW5vcmFtYS9tZXJrZWwtdW5kLW9iYW1hLWltLW11c2V1bS0tZnVlaGxlLW1pY2gtZ2x1ZWNrbGljaC0tc2llLWVpbmUtZnJldW5kaW4tbmVubmVuLXp1LWR1ZXJmZW4tLTM5Nzg0MjkwP2NiPTE2NTY1MDc2Mzc4MDEmIiwicmVmZXJyZXIiOiJodHRwczovL3d3dy5iaW5nLmNvbS8iLCJzdWJkb21haW4iOiJ3d3cifQ==
29-06-2022, 15:45:52: Save Source https://www.hamburg-messe.de/
29-06-2022, 15:45:59: Save Source https://www.sport.de/news/ne4957396/keine-lust-auf-fc-bayern-lewandowski-macht-fc-barcelona-maechtig-druck/
29-06-2022, 15:46:05: Classify https://www.geo.de/89-thma-katzen
29-06-2022, 15:46:13: Classify https://kennzeichen.express/kennzeichen/hh
29-06-2022, 15:46:14: Save Source https://www.youtube.com/watch?v=1M4ADcMn3dA
29-06-2022, 15:46:22: Save Source https://www.dccomics.com/characters/batman
29-06-2022, 15:46:24: Save Source https://prinz.de/hamburg/artikel/116368-10-dinge-die-man-hamburg-unbedingt-gemacht-haben-sollte/
29-06-2022, 15:46:29: Classify https://dominicantoday.com/dr/covid-19/2022/06/28/covid-cases-top-800/
29-06-2022, 15:46:29: Classify https://www.zeit.de/politik/ausland/2022-06/usa-antony-blinken-aussenminister-ukraine-krieg
29-06-2022, 15:46:36: Save Source https://www.tierchenwelt.de/raubtiere/100-katze.html
29-06-2022, 15:46:38: Classify https://batman.fandom.com/de/wiki/Robin_(Damian_Wayne)
29-06-2022, 15:46:45: Save Source https://www.promiflash.de/news/2022/06/27/tut-weh-cathy-hummels-hat-keine-lust-mehr-auf-spielchen.html
29-06-2022, 15:46:46: Save Source https://consent.yahoo.com/v2/collectConsent?sessionId=3_cc-session_95b37149-3ab3-4ecb-8eaa-dfc4dab261e1
29-06-2022, 15:46:58: Save Source https://consent.yahoo.com/v2/collectConsent?sessionId=3_cc-session_e57d9315-0dfb-44ff-ac1f-e878c88f8ba9
29-06-2022, 15:46:59: Classify https://www.foxnews.com/category/person/joe-biden
29-06-2022, 15:46:59: Classify https://www.moviepilot.de/news/batman-ist-tot-neuer-dc-trailer-enthuellt-jokers-tochter-1136743
29-06-2022, 15:47:13: Save Source https://www.welt.de/themen/wladimir-putin/
29-06-2022, 15:47:14: Save Source https://www.ihk.de/hamburg/
29-06-2022, 15:47:21: Save Source https://www.allianz.de/gesundheit/katzenversicherung/wie-alt-werden-katzen/
29-06-2022, 15:47:21: Classify https://www.dksb-essen.de/kitas-und-kifaz/kifaz-blauer-elefant-stadtmitte
29-06-2022, 15:47:25: Classify https://www.dccomics.com/characters/batman
29-06-2022, 15:47:29: Classify https://www.stern.de/politik/deutschland/themen/angela-merkel-4540550.html
29-06-2022, 15:47:36: Save Source https://www.welt.de/themen/katzen/
29-06-2022, 15:47:37: Save Source https://www.hamburg.de/
29-06-2022, 15:47:44: Classify https://blauerelefant-sbwash.de/
29-06-2022, 15:47:44: Save Source https://open.spotify.com/track/7eeDeUM9E7b0vkDfRz20Zt
29-06-2022, 15:47:51: Classify https://www.focus.de/politik/ausland/ukraine-krise/gastbeitrag-von-gerhard-mangott-warum-putin-sein-land-verraten-hat-und-was-den-mensch-in-russland-nun-bevorsteht_id_107953809.html
29-06-2022, 15:47:53: Classify https://prinz.de/hamburg/artikel/116368-10-dinge-die-man-hamburg-unbedingt-gemacht-haben-sollte/
29-06-2022, 15:47:59: Save Source https://www.planet-wissen.de/natur/haustiere/katzen/pwiediesprachederkatzen100.html
29-06-2022, 15:47:59: Save Source https://www.hamburg-tourism.de/
29-06-2022, 15:48:05: Classify https://www.business-wissen.de/artikel/keine-lust-auf-arbeit-5-tipps-fuer-mehr-motivation-im-job/
29-06-2022, 15:48:07: Save Source https://de.wikipedia.org/wiki/Wladimir_Wladimirowitsch_Putin
29-06-2022, 15:48:17: Classify https://www.fr.de/thema/joe-biden-per36006/
29-06-2022, 15:48:18: Classify https://www.deine-tierwelt.de/magazin/erklaert-wenn-deine-katze-das-tut-liebt-sie-dich-wirklich/
29-06-2022, 15:48:21: Save Source https://www.nabu.de/tiere-und-pflanzen/voegel/gefaehrdungen/katzen/04868.html
29-06-2022, 15:48:24: Save Source https://www.pcgames.de/Joker-Film-269766/Tests/kritik-kontroverse-gewalt-debatte-1333963/
29-06-2022, 15:48:27: Classify https://www.aerzteblatt.de/nachrichten/135511/COVID-19-Schutzgesetz-soll-Infektionsschutz-und-Datenlage-verbessern
29-06-2022, 15:48:29: Save Source https://www.sueddeutsche.de/thema/Joe_Biden
29-06-2022, 15:48:41: Classify https://affenknecht.com/de/texte/keine-lust/
29-06-2022, 15:48:43: Save Source https://batman.fandom.com/de/wiki/Batman_(Bruce_Wayne)
29-06-2022, 15:48:47: Save Source https://lyricstranslate.com/en/keine-lust-no-desire.html
29-06-2022, 15:48:51: Save Source https://www.spiegel.de/ausland/g7-gipfel-elmau-joe-biden-beendet-aufgrund-des-wetters-teilnahme-fruehzeitig-a-26478a3f-01fa-4ead-8c52-9ea083058a53
29-06-2022, 15:48:59: Classify https://www.planetarium-hamburg.de/
29-06-2022, 15:49:03: Classify https://rammstein.fandom.com/wiki/Keine_Lust
29-06-2022, 15:49:10: Save Source https://www.vier-pfoten.de/kampagnen-themen/tiere/katze
29-06-2022, 15:49:13: Save Source https://www.netdoktor.de/symptome/libidoverlust/
29-06-2022, 15:49:20: Classify https://www.faz.net/aktuell/politik/thema/wladimir-putin
29-06-2022, 15:49:29: Classify https://www.mdr.de/wissen/podcast/challenge/keine-lust-auf-sex-was-tun-102.html
29-06-2022, 15:49:33: Save Source https://www.clever-tanken.de/spritpreise/diesel-preise/hamburg
29-06-2022, 15:49:36: Save Source https://kinderschutzbund-duesseldorf.de/blauer-elefant-auf-raedern/
29-06-2022, 15:49:47: Classify https://www.nordenham.de/de/leben/kinder-und-jugend/dksb/kinderhaus-blauer-elefant
29-06-2022, 15:49:51: Classify https://www.pcgames.de/Joker-Film-269766/Tests/kritik-kontroverse-gewalt-debatte-1333963/
29-06-2022, 15:49:56: Save Source https://frontline.de/floehe-bei-katzen
29-06-2022, 15:49:58: Save Source https://www.kika.de/die-sendung-mit-dem-elefanten/index.html
29-06-2022, 15:49:59: Classify https://www.netdoktor.de/symptome/libidoverlust/
29-06-2022, 15:50:08: Classify https://www.deutsche-rentenversicherung.de/DRV/DE/Home/Post-Covid-Themenseite/Post_Covid_node.html
29-06-2022, 15:50:16: Classify https://de.wikipedia.org/wiki/Wladimir_Wladimirowitsch_Putin
29-06-2022, 15:50:19: Save Source https://www.hamburg.de/sehenswuerdigkeiten/
29-06-2022, 15:50:21: Save Source https://de.wikipedia.org/wiki/Hamburg
29-06-2022, 15:50:22: Classify https://www.derwesten.de/politik/putin-atomkoffer-kreml-russland-atomwaffen-nuklearwaffen-ukraine-id235697089.html
29-06-2022, 15:50:31: Classify https://www.ndr.de/nachrichten/hamburg/Armutsrisiko-liegt-in-Hamburg-ueber-dem-Bundesdurchschnitt,armut340.html
29-06-2022, 15:50:42: Save Source https://www.tieranzeigen.de/katzen/
29-06-2022, 15:50:42: Save Source https://en.wikipedia.org/wiki/Batman
29-06-2022, 15:50:46: Classify https://www.hamburg-messe.de/
29-06-2022, 15:50:50: Classify https://www.br.de/nachrichten/deutschland-welt/preis-fuer-menschlichkeit-merkel-will-jury-vorsitz-uebernehmen,TA8y6y1
29-06-2022, 15:50:59: Classify https://www.tierschutzbund.de/information/hintergrund/heimtiere/katzen/
29-06-2022, 15:51:04: Save Source https://www.planet-wissen.de/natur/haustiere/katzen/pwiediesprachederkatzen100.html
29-06-2022, 15:51:08: Classify https://de.wikipedia.org/wiki/Wladimir_Wladimirowitsch_Putin
29-06-2022, 15:51:15: Classify https://www.fressnapf.de/magazin/katze/
29-06-2022, 15:51:24: Classify https://www.allianz.de/gesundheit/katzenversicherung/wie-alt-werden-katzen/
29-06-2022, 15:51:49: Classify https://www.spiegel.de/panorama/hamburg-13-jaehriger-stirbt-nach-sprung-in-die-elbe-a-da7efbf8-13b8-40a4-afdc-be83a8b0ff46
29-06-2022, 15:51:51: Classify https://www.kika.de/die-sendung-mit-dem-elefanten/index.html
29-06-2022, 15:51:59: Classify https://consent.yahoo.com/v2/collectConsent?sessionId=3_cc-session_1f6308d5-9bdd-4c8b-aba3-d90b833d9a9b
29-06-2022, 15:52:18: Classify https://www.clever-tanken.de/spritpreise/diesel-preise/hamburg
29-06-2022, 15:52:29: Classify https://www.hamburg-airport.de/de
29-06-2022, 15:52:30: Classify https://www.daserste.de/information/ratgeber-service/hirschhausens-check-up/videos/Hirschhausen-und-Long-Covid-die-Pandemie-der-Unbehandelten-100.html
29-06-2022, 15:52:44: Classify https://en.wikipedia.org/wiki/Keine_Lust
29-06-2022, 15:52:50: Classify https://www.tierchenwelt.de/raubtiere/100-katze.html
29-06-2022, 15:52:56: Classify https://www.staatsoper-hamburg.de/
29-06-2022, 15:53:12: Classify https://www.infektionsschutz.de/coronavirus/fragen-und-antworten/verdacht-auf-infektion-und-krankheitsverlauf/
29-06-2022, 15:53:18: Classify http://katzenhilfe-frankfurt.de/
29-06-2022, 15:53:29: Classify https://www.tierchenwelt.de/raubtiere/100-katze.html
29-06-2022, 15:53:33: Classify https://batman.fandom.com/de/wiki/Joker
29-06-2022, 15:53:39: Classify https://www.youtube.com/watch?v=1M4ADcMn3dA
29-06-2022, 15:53:50: Classify https://www.hamburg-port-authority.de/de/
29-06-2022, 15:53:58: Classify https://www.oz-online.de/artikel/1258401/Absperrschranken-landen-in-Aurich-immer-wieder-im-Graben
29-06-2022, 15:54:14: Classify https://www.hamburg-tourism.de/
29-06-2022, 15:54:29: Classify https://www.tieranzeigen.de/katzen/
29-06-2022, 15:54:40: Classify http://katzenhilfe-frankfurt.de/
29-06-2022, 15:54:40: Classify https://taz.de/Pandemiebekaempfung-der-KP/!5861097/
29-06-2022, 15:54:51: Classify https://www.sueddeutsche.de/thema/Katzen
29-06-2022, 15:54:59: Classify https://en.wikipedia.org/wiki/Hamburg
29-06-2022, 15:55:17: Classify https://www.spiegel.de/ausland/ukraine-emmanuel-macron-veroeffentlicht-protokoll-von-telefonat-mit-wladimir-putin-a-18a95362-bc68-4655-9ffe-5b5f96881436
29-06-2022, 15:55:29: Classify https://herz-fuer-tiere.de/haustiere/katzen/verhalten-von-katzen/donts-im-katzenhaushalt
29-06-2022, 15:55:30: Classify https://www.nabu.de/tiere-und-pflanzen/voegel/gefaehrdungen/katzen/index.html
29-06-2022, 15:55:44: Classify https://en.wikipedia.org/wiki/Hamburg
29-06-2022, 15:55:44: Classify https://www.traunstein.com/aktuelles/meldungen/47-stationaer-behandelte-covid-patienten-den-kliniken-suedostbayern-1
29-06-2022, 15:55:50: Classify https://www.derwesten.de/politik/putin-atomkoffer-kreml-russland-atomwaffen-nuklearwaffen-ukraine-id235697089.html
29-06-2022, 15:55:53: Classify https://de.wikipedia.org/wiki/The-Dark-Knight-Trilogie
29-06-2022, 15:56:14: Classify https://www.planet-wissen.de/natur/haustiere/katzen/pwiediesprachederkatzen100.html
29-06-2022, 15:56:24: Classify https://www.hamburg.de/
29-06-2022, 15:56:29: Classify https://www.moviepilot.de/movies/the-batman
29-06-2022, 15:56:36: Classify https://www.dksb.de/de/unsere-arbeit/bundeseigene-projekte-angebote/kinderhaeuser-blauer-elefantr/
29-06-2022, 15:56:53: Classify http://www.blue-elephant-herdecke.de/
29-06-2022, 15:56:57: Classify https://www.hamburg-travel.com/
29-06-2022, 15:56:59: Classify https://kinderschutzbund-schwelm.de/?page_id=22
29-06-2022, 15:57:13: Classify https://kinderschutzbund-zittau.de/ueber-uns/blauer-elefant/
29-06-2022, 15:57:21: Classify https://de.wikipedia.org/wiki/Hauskatze
29-06-2022, 15:57:25: Classify https://www.nabu.de/tiere-und-pflanzen/voegel/gefaehrdungen/katzen/04868.html
29-06-2022, 15:57:47: Classify https://nypost.com/2022/06/27/joe-biden-inadvertently-helped-hunter-pay-russia-linked-escorts-report/
29-06-2022, 15:57:47: Classify https://joker.com/
29-06-2022, 15:57:59: Classify https://de.wikipedia.org/wiki/Batman
29-06-2022, 15:58:10: Classify https://www.epd-film.de/filme/joker
29-06-2022, 15:58:20: Classify https://de.m.wikipedia.org/wiki/Catwoman
29-06-2022, 15:58:21: Classify https://www.haw-hamburg.de/
29-06-2022, 15:58:41: Classify https://screenrant.com/the-batman-2-wayne-murders-missing-bruce-better/
29-06-2022, 15:58:45: Classify https://www.bundesgesundheitsministerium.de/coronavirus.html
29-06-2022, 15:58:59: Classify https://www.derwesten.de/politik/wladimir-putin-lawrow-ukraine-russland-china-krieg-id235584201.html
29-06-2022, 15:59:09: Classify https://www.hamburg.de/restaurants/4846468/dinge-die-man-in-hamburg-gegessen-haben-muss/
29-06-2022, 15:59:29: Classify https://www.moviepilot.de/movies/the-batman
29-06-2022, 15:59:31: Classify https://www.dksb-nms.de/kita-blauer-elefant/
29-06-2022, 15:59:36: Classify https://www.ihk.de/hamburg/
29-06-2022, 15:59:54: Classify https://de.wikipedia.org/wiki/Hamburg
29-06-2022, 15:59:59: Classify https://www.derwesten.de/politik/wladimir-putin-lawrow-ukraine-russland-china-krieg-id235584201.html
29-06-2022, 15:59:59: Classify https://consent.yahoo.com/v2/collectConsent?sessionId=3_cc-session_09a534fd-d78f-41bd-9b7a-d29d8a9a6f9b
29-06-2022, 16:00:25: Classify https://shmh.de/
29-06-2022, 16:00:29: Classify https://www.vier-pfoten.de/kampagnen-themen/tiere/katze
29-06-2022, 16:00:31: Classify https://kinderschutzbund-mainz.de/?q=einrichtungen-kinderhaus
29-06-2022, 16:00:51: Classify https://en.wikipedia.org/wiki/Batman
29-06-2022, 16:00:51: Classify https://www.ksta.de/html/dumont-consent/index.html?param=eyJyZWRpcmVjdFVybCI6Ii9wYW5vcmFtYS9tZXJrZWwtdW5kLW9iYW1hLWltLW11c2V1bS0tZnVlaGxlLW1pY2gtZ2x1ZWNrbGljaC0tc2llLWVpbmUtZnJldW5kaW4tbmVubmVuLXp1LWR1ZXJmZW4tLTM5Nzg0MjkwP2NiPTE2NTY1MDc2Mzc4MDEmIiwicmVmZXJyZXIiOiJodHRwczovL3d3dy5iaW5nLmNvbS8iLCJzdWJkb21haW4iOiJ3d3cifQ==
29-06-2022, 16:00:51: Classify https://www.giga.de/news/android-smartwatches-nur-samsung-hat-keine-lust-auf-das-iphone/
29-06-2022, 16:01:18: Classify https://www.familienzentrum.nrw.de/landesprogramm/pilotphase/best-practice-einrichtungen/blauer-elefant-zollverein/
29-06-2022, 16:01:29: Classify https://www.sueddeutsche.de/thema/Joe_Biden
29-06-2022, 16:01:40: Classify https://www.berliner-zeitung.de/news/ex-kanzlerin-angela-merkel-zu-besuch-in-washington-museumsbesuch-mit-obama-li.241429
29-06-2022, 16:01:55: Classify https://www.tripadvisor.com/Attractions-g187331-Activities-Hamburg.html
29-06-2022, 16:01:59: Classify https://kinocheck.de/film/ekn/the-batman-2022
29-06-2022, 16:02:01: Classify https://www.sport.de/news/ne4957396/keine-lust-auf-fc-bayern-lewandowski-macht-fc-barcelona-maechtig-druck/
29-06-2022, 16:02:20: Classify https://www.hamburg-tourism.de/
29-06-2022, 16:02:29: Classify https://www.zeit.de/thema/joe-biden
29-06-2022, 16:02:43: Classify https://www.zentrum-der-gesundheit.de/bibliothek/partnerschaft-familie/sexualitaet/keine-lust-auf-sex-was-tun
29-06-2022, 16:02:46: Classify https://www.swr3.de/aktuell/beziehungsshow/sex-unlust-partnerschaft-102.html
29-06-2022, 16:02:54: Classify https://www.planet-wissen.de/natur/haustiere/katzen/index.html
29-06-2022, 16:03:05: Classify https://de.wikipedia.org/wiki/Donald_Trump
29-06-2022, 16:03:08: Classify https://www.zentrum-der-gesundheit.de/bibliothek/partnerschaft-familie/sexualitaet/keine-lust-auf-sex-was-tun
29-06-2022, 16:03:08: Classify https://de.wikipedia.org/wiki/Keine_Lust
29-06-2022, 16:03:16: Classify https://de.wikipedia.org/wiki/Angela_Merkel
29-06-2022, 16:03:35: Classify https://www.filmstarts.de/kritiken/258374.html
29-06-2022, 16:03:45: Classify https://web.de/magazine/politik/thema/wladimir-putin
29-06-2022, 16:03:59: Classify https://batman.fandom.com/de/wiki/Batman
29-06-2022, 16:04:09: Classify https://www.spiegel.de/ausland/g7-gipfel-elmau-joe-biden-beendet-aufgrund-des-wetters-teilnahme-fruehzeitig-a-26478a3f-01fa-4ead-8c52-9ea083058a53
29-06-2022, 16:04:24: Classify https://web.de/magazine/politik/thema/wladimir-putin
29-06-2022, 16:04:24: Classify https://www.spiegel.de/ausland/g7-gipfel-elmau-joe-biden-beendet-aufgrund-des-wetters-teilnahme-fruehzeitig-a-26478a3f-01fa-4ead-8c52-9ea083058a53
29-06-2022, 16:04:29: Classify https://consent.yahoo.com/v2/collectConsent?sessionId=3_cc-session_95b37149-3ab3-4ecb-8eaa-dfc4dab261e1
29-06-2022, 16:04:52: Classify https://www.hamburg.de/hamburgs-maritimes-erbe/hamburgs-haefen/
29-06-2022, 16:05:00: Classify https://www.handelsblatt.com/themen/joe-biden
29-06-2022, 16:05:19: Classify https://www.blaueelefant.de/
29-06-2022, 16:05:24: Classify https://lyricstranslate.com/en/keine-lust-no-desire.html
29-06-2022, 16:05:29: Classify https://www.bz-berlin.de/thema/wladimir-putin
29-06-2022, 16:05:47: Classify https://dict.leo.org/englisch-deutsch/keine%20lust
29-06-2022, 16:05:53: Classify https://de.wikipedia.org/wiki/Katzen
29-06-2022, 16:05:59: Classify https://frontline.de/floehe-bei-katzen
29-06-2022, 16:06:14: Classify https://consent.yahoo.com/v2/collectConsent?sessionId=3_cc-session_f618741c-7a27-4656-bbbe-ad5bb0b29f27
29-06-2022, 16:06:16: Classify https://de.pons.com/%C3%BCbersetzung/deutsch-spanisch/Ich+Habe+keine+Lust
29-06-2022, 16:06:23: Classify https://www.welt.de/themen/katzen/
29-06-2022, 16:06:43: Classify https://www.nordbayern.de/ratgeber/karriere/keine-lust-auf-arbeit-ursachen-depressionen-erkennen-die-besten-tipps-1.12049352
29-06-2022, 16:06:49: Classify https://www.swr3.de/aktuell/magazin/keine-lust-auf-sex-maenner-100.html
29-06-2022, 16:06:59: Classify https://www.planet-wissen.de/natur/haustiere/katzen/pwiediesprachederkatzen100.html
29-06-2022, 16:07:03: Classify https://consent.yahoo.com/v2/collectConsent?sessionId=3_cc-session_f618741c-7a27-4656-bbbe-ad5bb0b29f27
29-06-2022, 16:07:12: Classify http://www.hafen-hamburg.de/de/startseite/
29-06-2022, 16:07:20: Classify https://www.imdb.com/title/tt1877830/mediaviewer/rm4091483137
29-06-2022, 16:07:29: Classify https://www.imdb.com/title/tt1877830/mediaviewer/rm4091483137
29-06-2022, 16:07:35: Classify https://www.welt.de/themen/wladimir-putin/
29-06-2022, 16:07:48: Classify https://consent.yahoo.com/v2/collectConsent?sessionId=3_cc-session_e57d9315-0dfb-44ff-ac1f-e878c88f8ba9
29-06-2022, 16:07:56: Classify http://www.hafen-hamburg.de/de/startseite/
29-06-2022, 16:07:57: Classify http://www.kinderschutzbund-halle.de/
29-06-2022, 16:08:18: Classify https://www.tichyseinblick.de/meinungen/corona-covid-omicron-mrna-und-impfzwang/
29-06-2022, 16:08:20: Classify https://www.dksb-leipzig.de/kitas/einrichtungen/integrative-kita-im-kinderhaus-blauer-elefant/kontaktdaten
29-06-2022, 16:08:29: Classify https://www.deine-tierwelt.de/katzen/
29-06-2022, 16:08:41: Classify https://www.focus.de/politik/ausland/treffen-im-weissen-haus-nehmen-sie-ihren-platz-biden-dreht-versehentlich-spickzettel-in-die-kameras_id_107988959.html
29-06-2022, 16:08:48: Classify https://www.auswaertiges-amt.de/de/ReiseUndSicherheit/tuerkeisicherheit/201962
29-06-2022, 16:08:54: Classify https://www.nationalgeographic.de/Katzen
29-06-2022, 16:09:16: Classify https://www.focus.de/politik/ausland/treffen-im-weissen-haus-nehmen-sie-ihren-platz-biden-dreht-versehentlich-spickzettel-in-die-kameras_id_107988959.html
29-06-2022, 16:09:16: Classify https://de.wikipedia.org/wiki/Keine_Lust
29-06-2022, 16:09:29: Classify https://www.idealo.de/preisvergleich/OffersOfProduct/4903567_-der-blaue-elefant-01155-warmies.html
29-06-2022, 16:09:38: Classify https://www.ebay-kleinanzeigen.de/s-katzen/hannover/c136l3155
29-06-2022, 16:09:52: Classify http://www.blauer-elefant.de/CONTENT/SPENDEN.ASPX
29-06-2022, 16:09:59: Classify https://www.elbphilharmonie.de/de/
29-06-2022, 16:10:13: Classify https://www.purina.de/artikel/katzen/gesundheit/traechtigkeit/traechtigkeit-katze
29-06-2022, 16:10:21: Classify https://www.hamburg.de/sehenswuerdigkeiten/
29-06-2022, 16:10:29: Classify https://www.merkur.de/politik/ukraine-krieg-news-aktuell-wladimir-putin-putsch-versuch-bericht-kreml-insider-kadyrow-fsb-geheimdienst-91623055.html
29-06-2022, 16:10:37: Classify https://www.hamburg.de/sehenswuerdigkeiten/
29-06-2022, 16:10:50: Classify https://experience.arcgis.com/experience/478220a4c454480e823b17327b2bf1d4
29-06-2022, 16:10:50: Classify https://www.allianz.de/gesundheit/katzenversicherung/wie-alt-werden-katzen/
29-06-2022, 16:11:07: Classify http://www.blauer-elefant.de/CONTENT/KONZEPT.ASPX
29-06-2022, 16:11:11: Classify https://batman.fandom.com/de/wiki/Batman_(Bruce_Wayne)
29-06-2022, 16:11:18: Classify https://www.youtube.com/watch?v=AJmEaYsLYB8
29-06-2022, 16:11:29: Classify https://www.wdrmaus.de/elefantenseite/
29-06-2022, 16:11:36: Classify https://www.swr3.de/aktuell/beziehungsshow/sex-unlust-partnerschaft-102.html
29-06-2022, 16:11:51: Classify https://kinderschutzbund-duesseldorf.de/blauer-elefant-auf-raedern/
29-06-2022, 16:12:00: Classify https://www.purina.de/artikel/katzen/gesundheit/traechtigkeit/traechtigkeit-katze
29-06-2022, 16:12:15: Classify https://www.news.de/politik/856309863/wladimir-putin-verluste-und-rueckschlaege-aktuell-im-ukraine-krieg-putin-oberst-in-die-luft-gesprengt-kreml-verliert-31-000-soldaten/1/
29-06-2022, 16:12:26: Classify https://www.promiflash.de/news/2022/06/27/tut-weh-cathy-hummels-hat-keine-lust-mehr-auf-spielchen.html
29-06-2022, 16:12:29: Classify https://www.promiflash.de/news/2022/06/27/tut-weh-cathy-hummels-hat-keine-lust-mehr-auf-spielchen.html
29-06-2022, 16:12:37: Classify https://www.kindernetz.de/wissen/tierlexikon/steckbrief-katze-100.html
29-06-2022, 16:12:51: Classify https://www.spiegel.de/kultur/blockbuster-the-joker-wird-fortgesetzt-mit-joaquin-phoenix-a-70641aaf-75f8-40c2-9ae3-467495186e23
29-06-2022, 16:12:59: Classify https://fi.wikipedia.org/wiki/Joe_Biden
29-06-2022, 16:13:00: Classify https://www.bundesverfassungsgericht.de/SharedDocs/Pressemitteilungen/DE/2022/bvg22-053.html
29-06-2022, 16:13:18: Classify https://genius.com/Rammstein-keine-lust-lyrics
29-06-2022, 16:13:23: Classify https://genius.com/Rammstein-keine-lust-lyrics
29-06-2022, 16:13:29: Classify https://www.cch.de/
29-06-2022, 16:13:49: Classify https://open.spotify.com/track/7eeDeUM9E7b0vkDfRz20Zt
29-06-2022, 16:13:52: Classify https://www.n-tv.de/politik/politik_person_der_woche/Joe-Biden-ist-besser-als-sein-Ruf-article23426949.html
29-06-2022, 16:13:59: Classify https://www.cch.de/
29-06-2022, 16:13:59: Classify https://www.kindernetz.de/wissen/tierlexikon/steckbrief-katze-100.html
29-06-2022, 16:13:59: Classify https://www.spiegel.de/kultur/blockbuster-the-joker-wird-fortgesetzt-mit-joaquin-phoenix-a-70641aaf-75f8-40c2-9ae3-467495186e23
29-06-2022, 16:14:14: Classify https://web.de/magazine/consent-management/
29-06-2022, 16:14:17: Classify https://www.bundesverfassungsgericht.de/SharedDocs/Pressemitteilungen/DE/2022/bvg22-053.html
29-06-2022, 16:14:29: Classify https://www.dksb.de/de/unsere-arbeit/bundeseigene-projekte-angebote/kinderhaeuser-blauer-elefantr/
29-06-2022, 16:14:38: Classify https://genius.com/Rammstein-keine-lust-lyrics
29-06-2022, 16:14:38: Classify https://www.n-tv.de/politik/politik_person_der_woche/Joe-Biden-ist-besser-als-sein-Ruf-article23426949.html
29-06-2022, 16:14:50: Classify https://web.de/magazine/consent-management/
29-06-2022, 17:43:22: Stop the tool
30-06-2022, 16:17:25: Scrape Google.com_Example Job_Id:1 Query:hamburg started
30-06-2022, 16:17:41: Scrape Google.com_Example Job_Id:1 Query:hamburg success
30-06-2022, 16:18:41: Save Source http://www.hafen-hamburg.de/de/startseite/
30-06-2022, 16:19:03: Save Source https://www.hamburg-airport.de/de
30-06-2022, 16:19:25: Save Source https://www.planetarium-hamburg.de/
30-06-2022, 16:19:48: Save Source https://www.hamburg-port-authority.de/de/
30-06-2022, 16:20:12: Save Source https://www.24hamburg.de/hamburg/hamburg-hsv-sehenswuerdigkeiten-einwohner-veranstaltungen-events-stadtteile-hafen-verkehr-90000144.html
30-06-2022, 16:20:35: Save Source https://www.tuhh.de/
30-06-2022, 16:20:58: Save Source https://de.wikipedia.org/wiki/Hamburg
30-06-2022, 16:21:21: Save Source https://www.hamburg.de/
30-06-2022, 16:21:43: Save Source https://kennzeichen.express/kennzeichen/hh
30-06-2022, 16:22:06: Save Source https://www.hamburg-messe.de/
30-06-2022, 16:22:36: Save Source https://www.business-on.de/hamburg/hamburg-einkommen-gehaelter-geld-finanzen-menschen-_id25582.html
30-06-2022, 16:23:05: Save Source https://shmh.de/
30-06-2022, 16:23:27: Save Source https://www.hamburg.de/sehenswuerdigkeiten/
30-06-2022, 16:23:49: Save Source https://www.hamburg.de/restaurants/4846468/dinge-die-man-in-hamburg-gegessen-haben-muss/
30-06-2022, 16:24:12: Save Source https://de-de.facebook.com/Hamburg/
30-06-2022, 16:24:34: Save Source https://www.hamburg.de/hamburgs-maritimes-erbe/hamburgs-haefen/
30-06-2022, 16:24:56: Save Source https://www.iba-hamburg.de/
30-06-2022, 16:25:19: Save Source https://www.uni-hamburg.de/
30-06-2022, 16:25:41: Save Source https://www.haw-hamburg.de/
30-06-2022, 16:26:06: Save Source https://www.ihk.de/hamburg/
30-06-2022, 16:26:29: Save Source https://www.hafencity.com/
30-06-2022, 16:26:51: Save Source https://www.hamburg-tourism.de/
30-06-2022, 16:27:14: Save Source https://www.hcu-hamburg.de/
30-06-2022, 16:34:41: Classify https://www.business-on.de/hamburg/hamburg-einkommen-gehaelter-geld-finanzen-menschen-_id25582.html
30-06-2022, 16:35:16: Classify https://www.hamburg.de/sehenswuerdigkeiten/
30-06-2022, 16:36:14: Classify https://de-de.facebook.com/Hamburg/
30-06-2022, 16:36:43: Classify https://www.business-on.de/hamburg/hamburg-einkommen-gehaelter-geld-finanzen-menschen-_id25582.html
30-06-2022, 16:37:26: Classify https://de-de.facebook.com/Hamburg/
30-06-2022, 16:38:16: Classify https://www.planetarium-hamburg.de/
30-06-2022, 16:38:38: Classify https://www.hcu-hamburg.de/
30-06-2022, 16:39:19: Classify https://www.iba-hamburg.de/
30-06-2022, 16:39:41: Classify https://www.hamburg-tourism.de/
30-06-2022, 16:40:11: Classify https://www.uni-hamburg.de/
30-06-2022, 16:40:37: Classify https://www.hamburg.de/
30-06-2022, 16:41:13: Classify https://www.hcu-hamburg.de/
30-06-2022, 16:41:49: Stop the tool
